#
# There is insufficient memory for the Java Runtime Environment to continue.
# Native memory allocation (malloc) failed to allocate 681840 bytes. Error detail: Chunk::new
# Possible reasons:
#   The system is out of physical RAM or swap space
#   This process is running with CompressedOops enabled, and the Java Heap may be blocking the growth of the native heap
# Possible solutions:
#   Reduce memory load on the system
#   Increase physical memory or swap space
#   Check if swap backing store is full
#   Decrease Java heap size (-Xmx/-Xms)
#   Decrease number of Java threads
#   Decrease Java thread stack sizes (-Xss)
#   Set larger code cache with -XX:ReservedCodeCacheSize=
#   JVM is running with Unscaled Compressed Oops mode in which the Java heap is
#     placed in the first 4GB address space. The Java Heap base address is the
#     maximum limit for the native heap growth. Please use -XX:HeapBaseMinAddress
#     to set the Java Heap base and to place the Java Heap above 4GB virtual address.
# This output file may be truncated or incomplete.
#
#  Out of Memory Error (arena.cpp:191), pid=2804, tid=3716
#
# JRE version: OpenJDK Runtime Environment Temurin-17.0.13+11 (17.0.13+11) (build 17.0.13+11)
# Java VM: OpenJDK 64-Bit Server VM Temurin-17.0.13+11 (17.0.13+11, mixed mode, tiered, compressed oops, compressed class ptrs, parallel gc, windows-amd64)
# No core dump will be written. Minidumps are not enabled by default on client versions of Windows
#

---------------  S U M M A R Y ------------

Command Line: --add-modules=ALL-SYSTEM --add-opens=java.base/java.util=ALL-UNNAMED --add-opens=java.base/java.lang=ALL-UNNAMED --add-opens=java.base/sun.nio.fs=ALL-UNNAMED -Declipse.application=org.eclipse.jdt.ls.core.id1 -Dosgi.bundles.defaultStartLevel=4 -Declipse.product=org.eclipse.jdt.ls.core.product -Djava.import.generatesMetadataFilesAtProjectRoot=false -DDetectVMInstallationsJob.disabled=true -Dfile.encoding=utf8 -XX:+UseParallelGC -XX:GCTimeRatio=4 -XX:AdaptiveSizePolicyWeight=90 -Dsun.zip.disableMemoryMapping=true -Xmx1G -Xms100m -Xlog:disable -javaagent:c:\Users\niti2\.vscode\extensions\redhat.java-1.38.0-win32-x64\lombok\lombok-1.18.34.jar -XX:+HeapDumpOnOutOfMemoryError -XX:HeapDumpPath=c:\Users\niti2\AppData\Roaming\Code\User\workspaceStorage\aceeccec6f433f008a5d9abe36ab6a96\redhat.java -Daether.dependencyCollector.impl=bf c:\Users\niti2\.vscode\extensions\redhat.java-1.38.0-win32-x64\server\plugins\org.eclipse.equinox.launcher_1.6.900.v20240613-2009.jar -configuration c:\Users\niti2\AppData\Roaming\Code\User\globalStorage\redhat.java\1.38.0\config_win -data c:\Users\niti2\AppData\Roaming\Code\User\workspaceStorage\aceeccec6f433f008a5d9abe36ab6a96\redhat.java\jdt_ws --pipe=\\.\pipe\lsp-8e257b7ea9656c13754779a6bffa8e06-sock

Host: Intel(R) Core(TM) i3-8145U CPU @ 2.10GHz, 4 cores, 3G,  Windows 11 , 64 bit Build 26100 (10.0.26100.2454)
Time: Fri Dec 27 17:53:44 2024 India Standard Time elapsed time: 1.640303 seconds (0d 0h 0m 1s)

---------------  T H R E A D  ---------------

Current thread (0x00000231e957fda0):  JavaThread "C2 CompilerThread0" daemon [_thread_in_native, id=3716, stack(0x00000083e4c00000,0x00000083e4d00000)]


Current CompileTask:
C2:   1640  791   !   4       java.util.jar.Attributes::read (498 bytes)

Stack: [0x00000083e4c00000,0x00000083e4d00000]
Native frames: (J=compiled Java code, j=interpreted, Vv=VM code, C=native code)
V  [jvm.dll+0x682a19]
V  [jvm.dll+0x839538]
V  [jvm.dll+0x83afe3]
V  [jvm.dll+0x83b653]
V  [jvm.dll+0x24704f]
V  [jvm.dll+0xace34]
V  [jvm.dll+0xad4cc]
V  [jvm.dll+0x36597e]
V  [jvm.dll+0x1ba989]
V  [jvm.dll+0x2181a7]
V  [jvm.dll+0x21748f]
V  [jvm.dll+0x1a3070]
V  [jvm.dll+0x22788c]
V  [jvm.dll+0x2259eb]
V  [jvm.dll+0x7eec98]
V  [jvm.dll+0x7e8ffc]
V  [jvm.dll+0x6818f7]
C  [ucrtbase.dll+0x14ea0]
C  [KERNEL32.DLL+0x2e8d7]
C  [ntdll.dll+0xdfbcc]


---------------  P R O C E S S  ---------------

Threads class SMR info:
_java_thread_list=0x00000231eea6d3c0, length=12, elements={
0x00000231d4f1f4f0, 0x00000231d4fc9460, 0x00000231d4fcaec0, 0x00000231e957b320,
0x00000231e957bcf0, 0x00000231e957c7c0, 0x00000231e957f1a0, 0x00000231e957fda0,
0x00000231ee7d0da0, 0x00000231ee7d25d0, 0x00000231d4f82460, 0x00000231eea46870
}

Java Threads: ( => current thread )
  0x00000231d4f1f4f0 JavaThread "main" [_thread_in_native, id=21400, stack(0x00000083e4300000,0x00000083e4400000)]
  0x00000231d4fc9460 JavaThread "Reference Handler" daemon [_thread_blocked, id=14952, stack(0x00000083e4600000,0x00000083e4700000)]
  0x00000231d4fcaec0 JavaThread "Finalizer" daemon [_thread_blocked, id=14468, stack(0x00000083e4700000,0x00000083e4800000)]
  0x00000231e957b320 JavaThread "Signal Dispatcher" daemon [_thread_blocked, id=20484, stack(0x00000083e4800000,0x00000083e4900000)]
  0x00000231e957bcf0 JavaThread "Attach Listener" daemon [_thread_blocked, id=15856, stack(0x00000083e4900000,0x00000083e4a00000)]
  0x00000231e957c7c0 JavaThread "Service Thread" daemon [_thread_blocked, id=19800, stack(0x00000083e4a00000,0x00000083e4b00000)]
  0x00000231e957f1a0 JavaThread "Monitor Deflation Thread" daemon [_thread_blocked, id=3492, stack(0x00000083e4b00000,0x00000083e4c00000)]
=>0x00000231e957fda0 JavaThread "C2 CompilerThread0" daemon [_thread_in_native, id=3716, stack(0x00000083e4c00000,0x00000083e4d00000)]
  0x00000231ee7d0da0 JavaThread "C1 CompilerThread0" daemon [_thread_blocked, id=20816, stack(0x00000083e4d00000,0x00000083e4e00000)]
  0x00000231ee7d25d0 JavaThread "Sweeper thread" daemon [_thread_blocked, id=10556, stack(0x00000083e4e00000,0x00000083e4f00000)]
  0x00000231d4f82460 JavaThread "Common-Cleaner" daemon [_thread_blocked, id=10148, stack(0x00000083e4f00000,0x00000083e5000000)]
  0x00000231eea46870 JavaThread "Notification Thread" daemon [_thread_blocked, id=14368, stack(0x00000083e5000000,0x00000083e5100000)]

Other Threads:
  0x00000231d4fa5610 VMThread "VM Thread" [stack: 0x00000083e4500000,0x00000083e4600000] [id=6504]
  0x00000231eea45260 WatcherThread [stack: 0x00000083e5100000,0x00000083e5200000] [id=13728]
  0x00000231d4f34ea0 GCTaskThread "GC Thread#0" [stack: 0x00000083e4400000,0x00000083e4500000] [id=11036]

Threads with active compile tasks:
C2 CompilerThread0     1665  791   !   4       java.util.jar.Attributes::read (498 bytes)
C1 CompilerThread0     1665  871       3       java.lang.String::concat (15 bytes)

VM state: not at safepoint (normal execution)

VM Mutex/Monitor currently owned by a thread: None

Heap address: 0x00000000c0000000, size: 1024 MB, Compressed Oops mode: 32-bit

CDS archive(s) not mapped
Compressed class space mapped at: 0x0000000100000000-0x0000000140000000, reserved size: 1073741824
Narrow klass base: 0x0000000000000000, Narrow klass shift: 3, Narrow klass range: 0x140000000

GC Precious Log:
 CPUs: 4 total, 4 available
 Memory: 3917M
 Large Page Support: Disabled
 NUMA Support: Disabled
 Compressed Oops: Enabled (32-bit)
 Alignments: Space 512K, Generation 512K, Heap 2M
 Heap Min Capacity: 100M
 Heap Initial Capacity: 100M
 Heap Max Capacity: 1G
 Pre-touch: Disabled
 Parallel Workers: 4

Heap:
 PSYoungGen      total 29696K, used 23830K [0x00000000eab00000, 0x00000000ecc00000, 0x0000000100000000)
  eden space 25600K, 93% used [0x00000000eab00000,0x00000000ec245bc0,0x00000000ec400000)
  from space 4096K, 0% used [0x00000000ec800000,0x00000000ec800000,0x00000000ecc00000)
  to   space 4096K, 0% used [0x00000000ec400000,0x00000000ec400000,0x00000000ec800000)
 ParOldGen       total 68608K, used 0K [0x00000000c0000000, 0x00000000c4300000, 0x00000000eab00000)
  object space 68608K, 0% used [0x00000000c0000000,0x00000000c0000000,0x00000000c4300000)
 Metaspace       used 10487K, committed 10688K, reserved 1114112K
  class space    used 1046K, committed 1152K, reserved 1048576K

Card table byte_map: [0x00000231e6e30000,0x00000231e7040000] _byte_map_base: 0x00000231e6830000

Marking Bits: (ParMarkBitMap*) 0x00007ffe63156940
 Begin Bits: [0x00000231e71a0000, 0x00000231e81a0000)
 End Bits:   [0x00000231e81a0000, 0x00000231e91a0000)

Polling page: 0x00000231d36b0000

Metaspace:

Usage:
  Non-class:      9.22 MB used.
      Class:      1.02 MB used.
       Both:     10.24 MB used.

Virtual space:
  Non-class space:       64.00 MB reserved,       9.31 MB ( 15%) committed,  1 nodes.
      Class space:        1.00 GB reserved,       1.12 MB ( <1%) committed,  1 nodes.
             Both:        1.06 GB reserved,      10.44 MB ( <1%) committed. 

Chunk freelists:
   Non-Class:  6.45 MB
       Class:  14.72 MB
        Both:  21.17 MB

MaxMetaspaceSize: unlimited
CompressedClassSpaceSize: 1.00 GB
Initial GC threshold: 21.00 MB
Current GC threshold: 21.00 MB
CDS: off
MetaspaceReclaimPolicy: balanced
 - commit_granule_bytes: 65536.
 - commit_granule_words: 8192.
 - virtual_space_node_default_size: 8388608.
 - enlarge_chunks_in_place: 1.
 - new_chunks_are_fully_committed: 0.
 - uncommit_free_chunks: 1.
 - use_allocation_guard: 0.
 - handle_deallocations: 1.


Internal statistics:

num_allocs_failed_limit: 0.
num_arena_births: 16.
num_arena_deaths: 0.
num_vsnodes_births: 2.
num_vsnodes_deaths: 0.
num_space_committed: 167.
num_space_uncommitted: 0.
num_chunks_returned_to_freelist: 0.
num_chunks_taken_from_freelist: 76.
num_chunk_merges: 0.
num_chunk_splits: 51.
num_chunks_enlarged: 46.
num_inconsistent_stats: 0.

CodeHeap 'non-profiled nmethods': size=120000Kb used=324Kb max_used=324Kb free=119675Kb
 bounds [0x00000231df720000, 0x00000231df990000, 0x00000231e6c50000]
CodeHeap 'profiled nmethods': size=120000Kb used=1411Kb max_used=1411Kb free=118588Kb
 bounds [0x00000231d7c50000, 0x00000231d7ec0000, 0x00000231df180000]
CodeHeap 'non-nmethods': size=5760Kb used=1137Kb max_used=1153Kb free=4622Kb
 bounds [0x00000231df180000, 0x00000231df3f0000, 0x00000231df720000]
 total_blobs=1292 nmethods=863 adapters=344
 compilation: enabled
              stopped_count=0, restarted_count=0
 full_count=0

Compilation events (20 events):
Event: 1.625 Thread 0x00000231ee7d0da0  853   !   3       java.util.zip.ZipFile$Source::getEntryPos (195 bytes)
Event: 1.626 Thread 0x00000231ee7d0da0 nmethod 853 0x00000231d7da6790 code [0x00000231d7da6aa0, 0x00000231d7da7bb8]
Event: 1.626 Thread 0x00000231ee7d0da0  854       3       java.util.jar.JarFile::maybeInstantiateVerifier (42 bytes)
Event: 1.627 Thread 0x00000231ee7d0da0 nmethod 854 0x00000231d7da8610 code [0x00000231d7da87e0, 0x00000231d7da8b58]
Event: 1.628 Thread 0x00000231ee7d0da0  855       3       java.util.jar.JarVerifier::update (43 bytes)
Event: 1.628 Thread 0x00000231ee7d0da0 nmethod 855 0x00000231d7da8c90 code [0x00000231d7da8e60, 0x00000231d7da9188]
Event: 1.628 Thread 0x00000231ee7d0da0  856       3       java.util.zip.ZipCoder::hash (36 bytes)
Event: 1.629 Thread 0x00000231ee7d0da0 nmethod 856 0x00000231d7da9310 code [0x00000231d7da9520, 0x00000231d7da9c28]
Event: 1.629 Thread 0x00000231ee7d0da0  857  s    3       jdk.internal.perf.PerfCounter::add (18 bytes)
Event: 1.629 Thread 0x00000231ee7d0da0 nmethod 857 0x00000231d7da9f10 code [0x00000231d7daa0e0, 0x00000231d7daa498]
Event: 1.629 Thread 0x00000231ee7d0da0  858  s    3       jdk.internal.perf.PerfCounter::get (9 bytes)
Event: 1.629 Thread 0x00000231ee7d0da0 nmethod 858 0x00000231d7daa690 code [0x00000231d7daa840, 0x00000231d7daaa48]
Event: 1.629 Thread 0x00000231ee7d0da0  859   !   3       java.nio.DirectLongBufferU::get (36 bytes)
Event: 1.630 Thread 0x00000231ee7d0da0 nmethod 859 0x00000231d7daab90 code [0x00000231d7daadc0, 0x00000231d7dab658]
Event: 1.630 Thread 0x00000231ee7d0da0  860   !   3       java.util.jar.JarFile::checkForSpecialAttributes (163 bytes)
Event: 1.631 Thread 0x00000231ee7d0da0 nmethod 860 0x00000231d7dabb90 code [0x00000231d7dabea0, 0x00000231d7dacfd8]
Event: 1.631 Thread 0x00000231ee7d0da0  861   !   3       java.util.zip.ZipFile::getEntry (59 bytes)
Event: 1.632 Thread 0x00000231ee7d0da0 nmethod 861 0x00000231d7dad810 code [0x00000231d7dada00, 0x00000231d7dade58]
Event: 1.634 Thread 0x00000231ee7d0da0  863       3       java.security.Provider::checkInitialized (16 bytes)
Event: 1.634 Thread 0x00000231ee7d0da0 nmethod 863 0x00000231d7dae110 code [0x00000231d7dae2c0, 0x00000231d7dae4c8]

GC Heap History (0 events):
No events

Dll operation events (8 events):
Event: 0.034 Loaded shared library c:\Users\niti2\.vscode\extensions\redhat.java-1.38.0-win32-x64\jre\17.0.13-win32-x86_64\bin\java.dll
Event: 0.338 Loaded shared library c:\Users\niti2\.vscode\extensions\redhat.java-1.38.0-win32-x64\jre\17.0.13-win32-x86_64\bin\zip.dll
Event: 0.343 Loaded shared library C:\Users\niti2\.vscode\extensions\redhat.java-1.38.0-win32-x64\jre\17.0.13-win32-x86_64\bin\instrument.dll
Event: 0.400 Loaded shared library C:\Users\niti2\.vscode\extensions\redhat.java-1.38.0-win32-x64\jre\17.0.13-win32-x86_64\bin\net.dll
Event: 0.406 Loaded shared library C:\Users\niti2\.vscode\extensions\redhat.java-1.38.0-win32-x64\jre\17.0.13-win32-x86_64\bin\nio.dll
Event: 0.417 Loaded shared library C:\Users\niti2\.vscode\extensions\redhat.java-1.38.0-win32-x64\jre\17.0.13-win32-x86_64\bin\zip.dll
Event: 0.458 Loaded shared library C:\Users\niti2\.vscode\extensions\redhat.java-1.38.0-win32-x64\jre\17.0.13-win32-x86_64\bin\jimage.dll
Event: 0.627 Loaded shared library c:\Users\niti2\.vscode\extensions\redhat.java-1.38.0-win32-x64\jre\17.0.13-win32-x86_64\bin\verify.dll

Deoptimization events (20 events):
Event: 1.529 Thread 0x00000231d4f1f4f0 Uncommon trap: trap_request=0xffffffc6 fr.pc=0x00000231df7690c4 relative=0x0000000000000284
Event: 1.529 Thread 0x00000231d4f1f4f0 Uncommon trap: reason=bimorphic_or_optimized_type_check action=maybe_recompile pc=0x00000231df7690c4 method=java.util.HashMap.getNode(Ljava/lang/Object;)Ljava/util/HashMap$Node; @ 128 c2
Event: 1.529 Thread 0x00000231d4f1f4f0 DEOPT PACKING pc=0x00000231df7690c4 sp=0x00000083e43fd610
Event: 1.529 Thread 0x00000231d4f1f4f0 DEOPT UNPACKING pc=0x00000231df1d66a3 sp=0x00000083e43fd598 mode 2
Event: 1.532 Thread 0x00000231d4f1f4f0 Uncommon trap: trap_request=0xffffffc6 fr.pc=0x00000231df7690c4 relative=0x0000000000000284
Event: 1.532 Thread 0x00000231d4f1f4f0 Uncommon trap: reason=bimorphic_or_optimized_type_check action=maybe_recompile pc=0x00000231df7690c4 method=java.util.HashMap.getNode(Ljava/lang/Object;)Ljava/util/HashMap$Node; @ 128 c2
Event: 1.532 Thread 0x00000231d4f1f4f0 DEOPT PACKING pc=0x00000231df7690c4 sp=0x00000083e43fd2b0
Event: 1.532 Thread 0x00000231d4f1f4f0 DEOPT UNPACKING pc=0x00000231df1d66a3 sp=0x00000083e43fd238 mode 2
Event: 1.603 Thread 0x00000231d4f1f4f0 Uncommon trap: trap_request=0xffffffde fr.pc=0x00000231df766754 relative=0x0000000000000574
Event: 1.603 Thread 0x00000231d4f1f4f0 Uncommon trap: reason=class_check action=maybe_recompile pc=0x00000231df766754 method=java.util.Collections$UnmodifiableCollection$1.<init>(Ljava/util/Collections$UnmodifiableCollection;)V @ 17 c2
Event: 1.603 Thread 0x00000231d4f1f4f0 DEOPT PACKING pc=0x00000231df766754 sp=0x00000083e43fe6a0
Event: 1.603 Thread 0x00000231d4f1f4f0 DEOPT UNPACKING pc=0x00000231df1d66a3 sp=0x00000083e43fe5e8 mode 2
Event: 1.603 Thread 0x00000231d4f1f4f0 Uncommon trap: trap_request=0xffffffc6 fr.pc=0x00000231df751be0 relative=0x00000000000002c0
Event: 1.603 Thread 0x00000231d4f1f4f0 Uncommon trap: reason=bimorphic_or_optimized_type_check action=maybe_recompile pc=0x00000231df751be0 method=java.util.Collections$UnmodifiableCollection$1.next()Ljava/lang/Object; @ 4 c2
Event: 1.603 Thread 0x00000231d4f1f4f0 DEOPT PACKING pc=0x00000231df751be0 sp=0x00000083e43fe6b0
Event: 1.603 Thread 0x00000231d4f1f4f0 DEOPT UNPACKING pc=0x00000231df1d66a3 sp=0x00000083e43fe660 mode 2
Event: 1.603 Thread 0x00000231d4f1f4f0 Uncommon trap: trap_request=0xffffffc6 fr.pc=0x00000231df751be0 relative=0x00000000000002c0
Event: 1.603 Thread 0x00000231d4f1f4f0 Uncommon trap: reason=bimorphic_or_optimized_type_check action=maybe_recompile pc=0x00000231df751be0 method=java.util.Collections$UnmodifiableCollection$1.next()Ljava/lang/Object; @ 4 c2
Event: 1.603 Thread 0x00000231d4f1f4f0 DEOPT PACKING pc=0x00000231df751be0 sp=0x00000083e43fe6b0
Event: 1.603 Thread 0x00000231d4f1f4f0 DEOPT UNPACKING pc=0x00000231df1d66a3 sp=0x00000083e43fe660 mode 2

Classes loaded (20 events):
Event: 1.542 Loading class sun/nio/cs/UTF_8$Decoder
Event: 1.542 Loading class sun/nio/cs/UTF_8$Decoder done
Event: 1.543 Loading class java/nio/charset/CoderResult
Event: 1.543 Loading class java/nio/charset/CoderResult done
Event: 1.573 Loading class java/util/Random
Event: 1.574 Loading class java/util/random/RandomGenerator
Event: 1.575 Loading class java/util/random/RandomGenerator done
Event: 1.575 Loading class java/util/Random done
Event: 1.575 Loading class java/util/UUID
Event: 1.575 Loading class java/util/UUID done
Event: 1.576 Loading class java/util/concurrent/atomic/AtomicBoolean
Event: 1.576 Loading class java/util/concurrent/atomic/AtomicBoolean done
Event: 1.576 Loading class java/lang/invoke/VarHandleInts$FieldInstanceReadWrite
Event: 1.577 Loading class java/lang/invoke/VarHandleInts$FieldInstanceReadOnly
Event: 1.577 Loading class java/lang/invoke/VarHandleInts$FieldInstanceReadOnly done
Event: 1.577 Loading class java/lang/invoke/VarHandleInts$FieldInstanceReadWrite done
Event: 1.593 Loading class java/nio/file/FileVisitor
Event: 1.593 Loading class java/nio/file/FileVisitor done
Event: 1.624 Loading class java/io/StringWriter
Event: 1.624 Loading class java/io/StringWriter done

Classes unloaded (0 events):
No events

Classes redefined (0 events):
No events

Internal exceptions (14 events):
Event: 0.288 Thread 0x00000231d4f1f4f0 Exception <a 'java/lang/NoSuchMethodError'{0x00000000eacb4f30}: 'void java.lang.invoke.DirectMethodHandle$Holder.invokeStatic(java.lang.Object, java.lang.Object, java.lang.Object)'> (0x00000000eacb4f30) 
thrown [s\src\hotspot\share\interpreter\linkResolver.cpp, line 759]
Event: 0.763 Thread 0x00000231d4f1f4f0 Exception <a 'java/lang/reflect/InvocationTargetException'{0x00000000eafe7138}> (0x00000000eafe7138) 
thrown [s\src\hotspot\share\runtime\reflection.cpp, line 1128]
Event: 1.268 Thread 0x00000231d4f1f4f0 Exception <a 'java/lang/ClassNotFoundException'{0x00000000eb888c80}: sun/net/www/protocol/c/Handler> (0x00000000eb888c80) 
thrown [s\src\hotspot\share\classfile\systemDictionary.cpp, line 256]
Event: 1.275 Thread 0x00000231d4f1f4f0 Exception <a 'java/io/FileNotFoundException'{0x00000000eb8a44f0}> (0x00000000eb8a44f0) 
thrown [s\src\hotspot\share\prims\jni.cpp, line 516]
Event: 1.275 Thread 0x00000231d4f1f4f0 Exception <a 'java/io/FileNotFoundException'{0x00000000eb8a5210}> (0x00000000eb8a5210) 
thrown [s\src\hotspot\share\prims\jni.cpp, line 516]
Event: 1.275 Thread 0x00000231d4f1f4f0 Exception <a 'java/io/FileNotFoundException'{0x00000000eb8a5f10}> (0x00000000eb8a5f10) 
thrown [s\src\hotspot\share\prims\jni.cpp, line 516]
Event: 1.276 Thread 0x00000231d4f1f4f0 Exception <a 'java/io/FileNotFoundException'{0x00000000eb8a6be0}> (0x00000000eb8a6be0) 
thrown [s\src\hotspot\share\prims\jni.cpp, line 516]
Event: 1.281 Thread 0x00000231d4f1f4f0 Implicit null exception at 0x00000231df747972 to 0x00000231df747ec0
Event: 1.281 Thread 0x00000231d4f1f4f0 Implicit null exception at 0x00000231df748572 to 0x00000231df748ad4
Event: 1.285 Thread 0x00000231d4f1f4f0 Exception <a 'java/io/FileNotFoundException'{0x00000000eb8e1710}> (0x00000000eb8e1710) 
thrown [s\src\hotspot\share\prims\jni.cpp, line 516]
Event: 1.584 Thread 0x00000231d4f1f4f0 Exception <a 'java/lang/ClassNotFoundException'{0x00000000ec123b28}: sun/net/www/protocol/c/Handler> (0x00000000ec123b28) 
thrown [s\src\hotspot\share\classfile\systemDictionary.cpp, line 256]
Event: 1.585 Thread 0x00000231d4f1f4f0 Exception <a 'java/lang/ClassNotFoundException'{0x00000000ec124e50}: sun/net/www/protocol/c/Handler> (0x00000000ec124e50) 
thrown [s\src\hotspot\share\classfile\systemDictionary.cpp, line 256]
Event: 1.585 Thread 0x00000231d4f1f4f0 Exception <a 'java/lang/ClassNotFoundException'{0x00000000ec125fa0}: sun/net/www/protocol/c/Handler> (0x00000000ec125fa0) 
thrown [s\src\hotspot\share\classfile\systemDictionary.cpp, line 256]
Event: 1.603 Thread 0x00000231d4f1f4f0 Exception <a 'java/io/FileNotFoundException'{0x00000000ec14e490}> (0x00000000ec14e490) 
thrown [s\src\hotspot\share\prims\jni.cpp, line 516]

VM Operations (10 events):
Event: 0.297 Executing VM operation: HandshakeAllThreads
Event: 0.297 Executing VM operation: HandshakeAllThreads done
Event: 0.492 Executing VM operation: HandshakeAllThreads
Event: 0.492 Executing VM operation: HandshakeAllThreads done
Event: 1.243 Executing VM operation: HandshakeAllThreads
Event: 1.243 Executing VM operation: HandshakeAllThreads done
Event: 1.243 Executing VM operation: Cleanup
Event: 1.243 Executing VM operation: Cleanup done
Event: 1.262 Executing VM operation: HandshakeAllThreads
Event: 1.262 Executing VM operation: HandshakeAllThreads done

Memory protections (0 events):
No events

Nmethod flushes (0 events):
No events

Events (12 events):
Event: 0.092 Thread 0x00000231d4f1f4f0 Thread added: 0x00000231d4f1f4f0
Event: 0.107 Thread 0x00000231d4f1f4f0 Thread added: 0x00000231d4fc9460
Event: 0.108 Thread 0x00000231d4f1f4f0 Thread added: 0x00000231d4fcaec0
Event: 0.143 Thread 0x00000231d4f1f4f0 Thread added: 0x00000231e957b320
Event: 0.143 Thread 0x00000231d4f1f4f0 Thread added: 0x00000231e957bcf0
Event: 0.143 Thread 0x00000231d4f1f4f0 Thread added: 0x00000231e957c7c0
Event: 0.143 Thread 0x00000231d4f1f4f0 Thread added: 0x00000231e957f1a0
Event: 0.144 Thread 0x00000231d4f1f4f0 Thread added: 0x00000231e957fda0
Event: 0.149 Thread 0x00000231d4f1f4f0 Thread added: 0x00000231ee7d0da0
Event: 0.152 Thread 0x00000231d4f1f4f0 Thread added: 0x00000231ee7d25d0
Event: 0.261 Thread 0x00000231d4f1f4f0 Thread added: 0x00000231d4f82460
Event: 0.977 Thread 0x00000231d4f1f4f0 Thread added: 0x00000231eea46870


Dynamic libraries:
0x00007ff741fb0000 - 0x00007ff741fbe000 	c:\Users\niti2\.vscode\extensions\redhat.java-1.38.0-win32-x64\jre\17.0.13-win32-x86_64\bin\java.exe
0x00007ffed9320000 - 0x00007ffed9583000 	C:\WINDOWS\SYSTEM32\ntdll.dll
0x00007ffed8460000 - 0x00007ffed8528000 	C:\WINDOWS\System32\KERNEL32.DLL
0x00007ffed6d20000 - 0x00007ffed70d2000 	C:\WINDOWS\System32\KERNELBASE.dll
0x00007ffed6820000 - 0x00007ffed696b000 	C:\WINDOWS\System32\ucrtbase.dll
0x00007ffe92840000 - 0x00007ffe92857000 	c:\Users\niti2\.vscode\extensions\redhat.java-1.38.0-win32-x64\jre\17.0.13-win32-x86_64\bin\jli.dll
0x00007ffed7e70000 - 0x00007ffed8038000 	C:\WINDOWS\System32\USER32.dll
0x00007ffed6b80000 - 0x00007ffed6ba7000 	C:\WINDOWS\System32\win32u.dll
0x00007ffed8a00000 - 0x00007ffed8a2a000 	C:\WINDOWS\System32\GDI32.dll
0x00007ffed66f0000 - 0x00007ffed681b000 	C:\WINDOWS\System32\gdi32full.dll
0x00007ffed6bb0000 - 0x00007ffed6c53000 	C:\WINDOWS\System32\msvcp_win.dll
0x00007ffe91180000 - 0x00007ffe9119e000 	c:\Users\niti2\.vscode\extensions\redhat.java-1.38.0-win32-x64\jre\17.0.13-win32-x86_64\bin\VCRUNTIME140.dll
0x00007ffebadb0000 - 0x00007ffebb040000 	C:\WINDOWS\WinSxS\amd64_microsoft.windows.common-controls_6595b64144ccf1df_6.0.26100.2454_none_3e0b68a2e331ad60\COMCTL32.dll
0x00007ffed7ce0000 - 0x00007ffed7d89000 	C:\WINDOWS\System32\msvcrt.dll
0x00007ffed8a30000 - 0x00007ffed8a5f000 	C:\WINDOWS\System32\IMM32.DLL
0x00007ffecf020000 - 0x00007ffecf02c000 	c:\Users\niti2\.vscode\extensions\redhat.java-1.38.0-win32-x64\jre\17.0.13-win32-x86_64\bin\vcruntime140_1.dll
0x00007ffe7d030000 - 0x00007ffe7d0bd000 	c:\Users\niti2\.vscode\extensions\redhat.java-1.38.0-win32-x64\jre\17.0.13-win32-x86_64\bin\msvcp140.dll
0x00007ffe625b0000 - 0x00007ffe6321b000 	c:\Users\niti2\.vscode\extensions\redhat.java-1.38.0-win32-x64\jre\17.0.13-win32-x86_64\bin\server\jvm.dll
0x00007ffed7d90000 - 0x00007ffed7e44000 	C:\WINDOWS\System32\ADVAPI32.dll
0x00007ffed8200000 - 0x00007ffed82a6000 	C:\WINDOWS\System32\sechost.dll
0x00007ffed7180000 - 0x00007ffed7296000 	C:\WINDOWS\System32\RPCRT4.dll
0x00007ffed8ac0000 - 0x00007ffed8b34000 	C:\WINDOWS\System32\WS2_32.dll
0x00007ffed65a0000 - 0x00007ffed65ee000 	C:\WINDOWS\SYSTEM32\POWRPROF.dll
0x00007ffebb410000 - 0x00007ffebb446000 	C:\WINDOWS\SYSTEM32\WINMM.dll
0x00007ffecbcb0000 - 0x00007ffecbcbb000 	C:\WINDOWS\SYSTEM32\VERSION.dll
0x00007ffed6560000 - 0x00007ffed6574000 	C:\WINDOWS\SYSTEM32\UMPDC.dll
0x00007ffed5500000 - 0x00007ffed551a000 	C:\WINDOWS\SYSTEM32\kernel.appcore.dll
0x00007ffea6800000 - 0x00007ffea680a000 	c:\Users\niti2\.vscode\extensions\redhat.java-1.38.0-win32-x64\jre\17.0.13-win32-x86_64\bin\jimage.dll
0x00007ffed0800000 - 0x00007ffed0a41000 	C:\WINDOWS\SYSTEM32\DBGHELP.DLL
0x00007ffed8530000 - 0x00007ffed88ae000 	C:\WINDOWS\System32\combase.dll
0x00007ffed88c0000 - 0x00007ffed8996000 	C:\WINDOWS\System32\OLEAUT32.dll
0x00007ffebbc70000 - 0x00007ffebbca9000 	C:\WINDOWS\SYSTEM32\dbgcore.DLL
0x00007ffed70e0000 - 0x00007ffed7179000 	C:\WINDOWS\System32\bcryptPrimitives.dll
0x00007ffea54c0000 - 0x00007ffea54ce000 	c:\Users\niti2\.vscode\extensions\redhat.java-1.38.0-win32-x64\jre\17.0.13-win32-x86_64\bin\instrument.dll
0x00007ffe8a710000 - 0x00007ffe8a735000 	c:\Users\niti2\.vscode\extensions\redhat.java-1.38.0-win32-x64\jre\17.0.13-win32-x86_64\bin\java.dll
0x00007ffe910b0000 - 0x00007ffe910c8000 	c:\Users\niti2\.vscode\extensions\redhat.java-1.38.0-win32-x64\jre\17.0.13-win32-x86_64\bin\zip.dll
0x00007ffed8bd0000 - 0x00007ffed92d0000 	C:\WINDOWS\System32\SHELL32.dll
0x00007ffed0b50000 - 0x00007ffed1381000 	C:\WINDOWS\SYSTEM32\windows.storage.dll
0x00007ffed79a0000 - 0x00007ffed7a7a000 	C:\WINDOWS\System32\SHCORE.dll
0x00007ffed89a0000 - 0x00007ffed89fd000 	C:\WINDOWS\System32\shlwapi.dll
0x00007ffed6600000 - 0x00007ffed662e000 	C:\WINDOWS\SYSTEM32\profapi.dll
0x00007ffe8ea90000 - 0x00007ffe8eaa9000 	C:\Users\niti2\.vscode\extensions\redhat.java-1.38.0-win32-x64\jre\17.0.13-win32-x86_64\bin\net.dll
0x00007ffecba20000 - 0x00007ffecbb46000 	C:\WINDOWS\SYSTEM32\WINHTTP.dll
0x00007ffed5a30000 - 0x00007ffed5a98000 	C:\WINDOWS\system32\mswsock.dll
0x00007ffe8a6f0000 - 0x00007ffe8a706000 	C:\Users\niti2\.vscode\extensions\redhat.java-1.38.0-win32-x64\jre\17.0.13-win32-x86_64\bin\nio.dll
0x00007ffea4920000 - 0x00007ffea4930000 	c:\Users\niti2\.vscode\extensions\redhat.java-1.38.0-win32-x64\jre\17.0.13-win32-x86_64\bin\verify.dll

dbghelp: loaded successfully - version: 4.0.5 - missing functions: none
symbol engine: initialized successfully - sym options: 0x614 - pdb path: .;c:\Users\niti2\.vscode\extensions\redhat.java-1.38.0-win32-x64\jre\17.0.13-win32-x86_64\bin;C:\WINDOWS\SYSTEM32;C:\WINDOWS\WinSxS\amd64_microsoft.windows.common-controls_6595b64144ccf1df_6.0.26100.2454_none_3e0b68a2e331ad60;c:\Users\niti2\.vscode\extensions\redhat.java-1.38.0-win32-x64\jre\17.0.13-win32-x86_64\bin\server

VM Arguments:
jvm_args: --add-modules=ALL-SYSTEM --add-opens=java.base/java.util=ALL-UNNAMED --add-opens=java.base/java.lang=ALL-UNNAMED --add-opens=java.base/sun.nio.fs=ALL-UNNAMED -Declipse.application=org.eclipse.jdt.ls.core.id1 -Dosgi.bundles.defaultStartLevel=4 -Declipse.product=org.eclipse.jdt.ls.core.product -Djava.import.generatesMetadataFilesAtProjectRoot=false -DDetectVMInstallationsJob.disabled=true -Dfile.encoding=utf8 -XX:+UseParallelGC -XX:GCTimeRatio=4 -XX:AdaptiveSizePolicyWeight=90 -Dsun.zip.disableMemoryMapping=true -Xmx1G -Xms100m -Xlog:disable -javaagent:c:\Users\niti2\.vscode\extensions\redhat.java-1.38.0-win32-x64\lombok\lombok-1.18.34.jar -XX:+HeapDumpOnOutOfMemoryError -XX:HeapDumpPath=c:\Users\niti2\AppData\Roaming\Code\User\workspaceStorage\aceeccec6f433f008a5d9abe36ab6a96\redhat.java -Daether.dependencyCollector.impl=bf 
java_command: c:\Users\niti2\.vscode\extensions\redhat.java-1.38.0-win32-x64\server\plugins\org.eclipse.equinox.launcher_1.6.900.v20240613-2009.jar -configuration c:\Users\niti2\AppData\Roaming\Code\User\globalStorage\redhat.java\1.38.0\config_win -data c:\Users\niti2\AppData\Roaming\Code\User\workspaceStorage\aceeccec6f433f008a5d9abe36ab6a96\redhat.java\jdt_ws --pipe=\\.\pipe\lsp-8e257b7ea9656c13754779a6bffa8e06-sock
java_class_path (initial): c:\Users\niti2\.vscode\extensions\redhat.java-1.38.0-win32-x64\server\plugins\org.eclipse.equinox.launcher_1.6.900.v20240613-2009.jar
Launcher Type: SUN_STANDARD

[Global flags]
    uintx AdaptiveSizePolicyWeight                 = 90                                        {product} {command line}
     intx CICompilerCount                          = 3                                         {product} {ergonomic}
    uintx GCTimeRatio                              = 4                                         {product} {command line}
     bool HeapDumpOnOutOfMemoryError               = true                                   {manageable} {command line}
    ccstr HeapDumpPath                             = c:\Users\niti2\AppData\Roaming\Code\User\workspaceStorage\aceeccec6f433f008a5d9abe36ab6a96\redhat.java         {manageable} {command line}
   size_t InitialHeapSize                          = 104857600                                 {product} {command line}
   size_t MaxHeapSize                              = 1073741824                                {product} {command line}
   size_t MaxNewSize                               = 357564416                                 {product} {ergonomic}
   size_t MinHeapDeltaBytes                        = 524288                                    {product} {ergonomic}
   size_t MinHeapSize                              = 104857600                                 {product} {command line}
   size_t NewSize                                  = 34603008                                  {product} {ergonomic}
    uintx NonNMethodCodeHeapSize                   = 5832780                                {pd product} {ergonomic}
    uintx NonProfiledCodeHeapSize                  = 122912730                              {pd product} {ergonomic}
   size_t OldSize                                  = 70254592                                  {product} {ergonomic}
    uintx ProfiledCodeHeapSize                     = 122912730                              {pd product} {ergonomic}
    uintx ReservedCodeCacheSize                    = 251658240                              {pd product} {ergonomic}
     bool SegmentedCodeCache                       = true                                      {product} {ergonomic}
   size_t SoftMaxHeapSize                          = 1073741824                             {manageable} {ergonomic}
     bool UseCompressedClassPointers               = true                           {product lp64_product} {ergonomic}
     bool UseCompressedOops                        = true                           {product lp64_product} {ergonomic}
     bool UseLargePagesIndividualAllocation        = false                                  {pd product} {ergonomic}
     bool UseParallelGC                            = true                                      {product} {command line}

Logging:
Log output configuration:
 #0: stdout all=off uptime,level,tags
 #1: stderr all=off uptime,level,tags

Environment Variables:
JAVA_HOME=C:\Program Files\Java\jdk-21
PATH=C:\Program Files\Common Files\Oracle\Java\javapath;C:\WINDOWS\system32;C:\WINDOWS;C:\WINDOWS\System32\Wbem;C:\WINDOWS\System32\WindowsPowerShell\v1.0\;C:\WINDOWS\System32\OpenSSH\;C:\Program Files\Java\jdk-21\bin;C:\Program Files\apache-maven-3.8.8\bin;C:\Program Files\nodejs\;C:\Program Files\Git\cmd;C:\Program Files\MySQL\MySQL Server 8.0\bin;;C:\Program Files\Docker\Docker\resources\bin;C:\Program Files\MySQL\MySQL Shell 8.0\bin\;C:\Users\niti2\AppData\Local\Microsoft\WindowsApps;C:\Program Files\JetBrains\IntelliJ IDEA Community Edition 2023.3.2\bin;C:\Users\niti2\AppData\Local\Programs\Microsoft VS Code\bin;C:\Users\niti2\AppData\Roaming\npm;C:\Users\niti2\AppData\Local\JetBrains\Toolbox\scripts;;C:\Program Files\JetBrains\IntelliJ IDEA Community Edition 2024.1.4\bin;;C:\Users\niti2\AppData\Local\Microsoft\WindowsApps
USERNAME=niti2
OS=Windows_NT
PROCESSOR_IDENTIFIER=Intel64 Family 6 Model 142 Stepping 12, GenuineIntel
TMP=C:\Users\niti2\AppData\Local\Temp
TEMP=C:\Users\niti2\AppData\Local\Temp



Periodic native trim disabled


---------------  S Y S T E M  ---------------

OS:
 Windows 11 , 64 bit Build 26100 (10.0.26100.2454)
OS uptime: 7 days 22:39 hours
Hyper-V role detected

CPU: total 4 (initial active 4) (2 cores per cpu, 2 threads per core) family 6 model 142 stepping 12 microcode 0xde, cx8, cmov, fxsr, ht, mmx, 3dnowpref, sse, sse2, sse3, ssse3, sse4.1, sse4.2, popcnt, lzcnt, tsc, tscinvbit, avx, avx2, aes, erms, clmul, bmi1, bmi2, adx, fma, vzeroupper, clflush, clflushopt, hv
Processor Information for all 4 processors :
  Max Mhz: 2304, Current Mhz: 2103, Mhz Limit: 2096

Memory: 4k page, system-wide physical 3917M (225M free)
TotalPageFile size 15693M (AvailPageFile size 0M)
current process WorkingSet (physical memory assigned to process): 70M, peak: 70M
current process commit charge ("private bytes"): 185M, peak: 185M

vm_info: OpenJDK 64-Bit Server VM (17.0.13+11) for windows-amd64 JRE (17.0.13+11), built on Oct 16 2024 00:10:08 by "admin" with MS VC++ 17.7 (VS2022)

END.
