#
# There is insufficient memory for the Java Runtime Environment to continue.
# Native memory allocation (malloc) failed to allocate 74912 bytes. Error detail: Chunk::new
# Possible reasons:
#   The system is out of physical RAM or swap space
#   This process is running with CompressedOops enabled, and the Java Heap may be blocking the growth of the native heap
# Possible solutions:
#   Reduce memory load on the system
#   Increase physical memory or swap space
#   Check if swap backing store is full
#   Decrease Java heap size (-Xmx/-Xms)
#   Decrease number of Java threads
#   Decrease Java thread stack sizes (-Xss)
#   Set larger code cache with -XX:ReservedCodeCacheSize=
#   JVM is running with Unscaled Compressed Oops mode in which the Java heap is
#     placed in the first 4GB address space. The Java Heap base address is the
#     maximum limit for the native heap growth. Please use -XX:HeapBaseMinAddress
#     to set the Java Heap base and to place the Java Heap above 4GB virtual address.
# This output file may be truncated or incomplete.
#
#  Out of Memory Error (arena.cpp:191), pid=20096, tid=8872
#
# JRE version: OpenJDK Runtime Environment Temurin-17.0.13+11 (17.0.13+11) (build 17.0.13+11)
# Java VM: OpenJDK 64-Bit Server VM Temurin-17.0.13+11 (17.0.13+11, mixed mode, tiered, compressed oops, compressed class ptrs, parallel gc, windows-amd64)
# No core dump will be written. Minidumps are not enabled by default on client versions of Windows
#

---------------  S U M M A R Y ------------

Command Line: --add-modules=ALL-SYSTEM --add-opens=java.base/java.util=ALL-UNNAMED --add-opens=java.base/java.lang=ALL-UNNAMED --add-opens=java.base/sun.nio.fs=ALL-UNNAMED -Declipse.application=org.eclipse.jdt.ls.core.id1 -Dosgi.bundles.defaultStartLevel=4 -Declipse.product=org.eclipse.jdt.ls.core.product -Djava.import.generatesMetadataFilesAtProjectRoot=false -DDetectVMInstallationsJob.disabled=true -Dfile.encoding=utf8 -XX:+UseParallelGC -XX:GCTimeRatio=4 -XX:AdaptiveSizePolicyWeight=90 -Dsun.zip.disableMemoryMapping=true -Xmx1G -Xms100m -Xlog:disable -javaagent:c:\Users\niti2\.vscode\extensions\redhat.java-1.38.0-win32-x64\lombok\lombok-1.18.34.jar -XX:+HeapDumpOnOutOfMemoryError -XX:HeapDumpPath=c:\Users\niti2\AppData\Roaming\Code\User\workspaceStorage\aceeccec6f433f008a5d9abe36ab6a96\redhat.java -Daether.dependencyCollector.impl=bf c:\Users\niti2\.vscode\extensions\redhat.java-1.38.0-win32-x64\server\plugins\org.eclipse.equinox.launcher_1.6.900.v20240613-2009.jar -configuration c:\Users\niti2\AppData\Roaming\Code\User\globalStorage\redhat.java\1.38.0\config_win -data c:\Users\niti2\AppData\Roaming\Code\User\workspaceStorage\aceeccec6f433f008a5d9abe36ab6a96\redhat.java\jdt_ws --pipe=\\.\pipe\lsp-7136f3ea1be8ee8f1b940f7710f01c4a-sock

Host: Intel(R) Core(TM) i3-8145U CPU @ 2.10GHz, 4 cores, 3G,  Windows 11 , 64 bit Build 26100 (10.0.26100.2454)
Time: Fri Dec 27 17:53:41 2024 India Standard Time elapsed time: 62.020832 seconds (0d 0h 1m 2s)

---------------  T H R E A D  ---------------

Current thread (0x000002083b150da0):  JavaThread "C2 CompilerThread0" daemon [_thread_in_native, id=8872, stack(0x000000ca1c100000,0x000000ca1c200000)]


Current CompileTask:
C2:  62020 8978 % !   4       org.eclipse.jdt.internal.compiler.classfmt.ClassFileReader::<init> @ 63 (2119 bytes)

Stack: [0x000000ca1c100000,0x000000ca1c200000]
Native frames: (J=compiled Java code, j=interpreted, Vv=VM code, C=native code)
V  [jvm.dll+0x682a19]
V  [jvm.dll+0x839538]
V  [jvm.dll+0x83afe3]
V  [jvm.dll+0x83b653]
V  [jvm.dll+0x24704f]
V  [jvm.dll+0xace34]
V  [jvm.dll+0xad4cc]
V  [jvm.dll+0x798294]
V  [jvm.dll+0x583f2e]
V  [jvm.dll+0x581c0a]
V  [jvm.dll+0x5818ad]
V  [jvm.dll+0x58191b]
V  [jvm.dll+0x581790]
V  [jvm.dll+0x58191b]
V  [jvm.dll+0x58191b]
V  [jvm.dll+0x58191b]
V  [jvm.dll+0x58191b]
V  [jvm.dll+0x58191b]
V  [jvm.dll+0x581790]
V  [jvm.dll+0x58191b]
V  [jvm.dll+0x58191b]
V  [jvm.dll+0x58191b]
V  [jvm.dll+0x58191b]
V  [jvm.dll+0x58191b]
V  [jvm.dll+0x58191b]
V  [jvm.dll+0x58191b]
V  [jvm.dll+0x58191b]
V  [jvm.dll+0x58191b]
V  [jvm.dll+0x58191b]
V  [jvm.dll+0x58191b]
V  [jvm.dll+0x58191b]
V  [jvm.dll+0x58191b]
V  [jvm.dll+0x58932e]
V  [jvm.dll+0x220ea2]
V  [jvm.dll+0x22129f]
V  [jvm.dll+0x21a2b0]
V  [jvm.dll+0x21738b]
V  [jvm.dll+0x1a3070]
V  [jvm.dll+0x22788c]
V  [jvm.dll+0x2259eb]
V  [jvm.dll+0x7eec98]
V  [jvm.dll+0x7e8ffc]
V  [jvm.dll+0x6818f7]
C  [ucrtbase.dll+0x14ea0]
C  [KERNEL32.DLL+0x2e8d7]
C  [ntdll.dll+0xdfbcc]


---------------  P R O C E S S  ---------------

Threads class SMR info:
_java_thread_list=0x0000020841644650, length=46, elements={
0x00000208252ff570, 0x00000208253a9f20, 0x00000208253ae3b0, 0x000002083b14c320,
0x000002083b14ccf0, 0x000002083b14d7c0, 0x000002083b1501a0, 0x000002083b150da0,
0x000002083b16ea70, 0x000002084039a510, 0x0000020825361f50, 0x00000208406deeb0,
0x00000208408913d0, 0x0000020840aa8b50, 0x0000020840d9d010, 0x00000208409c0020,
0x00000208410e5b20, 0x00000208411133a0, 0x00000208411138b0, 0x0000020841112980,
0x00000208411142d0, 0x0000020841115c20, 0x0000020841114cf0, 0x00000208411147e0,
0x0000020841115200, 0x0000020841112470, 0x0000020841edb4b0, 0x0000020841edb9c0,
0x0000020841edbed0, 0x0000020841eda580, 0x0000020841edd310, 0x0000020841edc3e0,
0x0000020841edaa90, 0x0000020841edce00, 0x0000020841edafa0, 0x0000020841edd820,
0x0000020841eda070, 0x0000020841115710, 0x0000020842654620, 0x0000020842654b30,
0x00000208426527c0, 0x0000020842655040, 0x0000020842653c00, 0x00000208426531e0,
0x00000208426536f0, 0x0000020842652cd0
}

Java Threads: ( => current thread )
  0x00000208252ff570 JavaThread "main" [_thread_blocked, id=832, stack(0x000000ca1b800000,0x000000ca1b900000)]
  0x00000208253a9f20 JavaThread "Reference Handler" daemon [_thread_blocked, id=15844, stack(0x000000ca1bb00000,0x000000ca1bc00000)]
  0x00000208253ae3b0 JavaThread "Finalizer" daemon [_thread_blocked, id=4544, stack(0x000000ca1bc00000,0x000000ca1bd00000)]
  0x000002083b14c320 JavaThread "Signal Dispatcher" daemon [_thread_blocked, id=700, stack(0x000000ca1bd00000,0x000000ca1be00000)]
  0x000002083b14ccf0 JavaThread "Attach Listener" daemon [_thread_blocked, id=3768, stack(0x000000ca1be00000,0x000000ca1bf00000)]
  0x000002083b14d7c0 JavaThread "Service Thread" daemon [_thread_blocked, id=14560, stack(0x000000ca1bf00000,0x000000ca1c000000)]
  0x000002083b1501a0 JavaThread "Monitor Deflation Thread" daemon [_thread_blocked, id=18576, stack(0x000000ca1c000000,0x000000ca1c100000)]
=>0x000002083b150da0 JavaThread "C2 CompilerThread0" daemon [_thread_in_native, id=8872, stack(0x000000ca1c100000,0x000000ca1c200000)]
  0x000002083b16ea70 JavaThread "C1 CompilerThread0" daemon [_thread_blocked, id=7208, stack(0x000000ca1c200000,0x000000ca1c300000)]
  0x000002084039a510 JavaThread "Sweeper thread" daemon [_thread_blocked, id=13284, stack(0x000000ca1c300000,0x000000ca1c400000)]
  0x0000020825361f50 JavaThread "Common-Cleaner" daemon [_thread_blocked, id=17372, stack(0x000000ca1c400000,0x000000ca1c500000)]
  0x00000208406deeb0 JavaThread "Notification Thread" daemon [_thread_blocked, id=5296, stack(0x000000ca1c500000,0x000000ca1c600000)]
  0x00000208408913d0 JavaThread "Active Thread: Equinox Container: 60123766-8f1c-4cd9-b9ec-db1571983082" [_thread_blocked, id=14008, stack(0x000000ca1ca00000,0x000000ca1cb00000)]
  0x0000020840aa8b50 JavaThread "Refresh Thread: Equinox Container: 60123766-8f1c-4cd9-b9ec-db1571983082" daemon [_thread_blocked, id=6728, stack(0x000000ca1cb00000,0x000000ca1cc00000)]
  0x0000020840d9d010 JavaThread "Framework Event Dispatcher: Equinox Container: 60123766-8f1c-4cd9-b9ec-db1571983082" daemon [_thread_blocked, id=18556, stack(0x000000ca1cc00000,0x000000ca1cd00000)]
  0x00000208409c0020 JavaThread "Start Level: Equinox Container: 60123766-8f1c-4cd9-b9ec-db1571983082" daemon [_thread_blocked, id=1340, stack(0x000000ca1cd00000,0x000000ca1ce00000)]
  0x00000208410e5b20 JavaThread "Bundle File Closer" daemon [_thread_blocked, id=1084, stack(0x000000ca1ce00000,0x000000ca1cf00000)]
  0x00000208411133a0 JavaThread "SCR Component Actor" daemon [_thread_blocked, id=21140, stack(0x000000ca1cf00000,0x000000ca1d000000)]
  0x00000208411138b0 JavaThread "Worker-JM" [_thread_blocked, id=12816, stack(0x000000ca1d100000,0x000000ca1d200000)]
  0x0000020841112980 JavaThread "JNA Cleaner" daemon [_thread_blocked, id=14900, stack(0x000000ca1d200000,0x000000ca1d300000)]
  0x00000208411142d0 JavaThread "Worker-0" [_thread_blocked, id=12408, stack(0x000000ca1d000000,0x000000ca1d100000)]
  0x0000020841115c20 JavaThread "Worker-1" [_thread_blocked, id=13108, stack(0x000000ca1d300000,0x000000ca1d400000)]
  0x0000020841114cf0 JavaThread "Worker-2" [_thread_blocked, id=7296, stack(0x000000ca1d500000,0x000000ca1d600000)]
  0x00000208411147e0 JavaThread "Worker-3" [_thread_blocked, id=18076, stack(0x000000ca1d600000,0x000000ca1d700000)]
  0x0000020841115200 JavaThread "Java indexing" daemon [_thread_blocked, id=16176, stack(0x000000ca1d400000,0x000000ca1d500000)]
  0x0000020841112470 JavaThread "Worker-4" [_thread_blocked, id=14624, stack(0x000000ca1d700000,0x000000ca1d800000)]
  0x0000020841edb4b0 JavaThread "Worker-5: Update project coffee-shop" [_thread_in_native, id=6452, stack(0x000000ca1da00000,0x000000ca1db00000)]
  0x0000020841edb9c0 JavaThread "Worker-6: Java indexing... " [_thread_blocked, id=4924, stack(0x000000ca1db00000,0x000000ca1dc00000)]
  0x0000020841edbed0 JavaThread "Thread-3" daemon [_thread_in_native, id=9272, stack(0x000000ca1dc00000,0x000000ca1dd00000)]
  0x0000020841eda580 JavaThread "Thread-4" daemon [_thread_in_native, id=15248, stack(0x000000ca1dd00000,0x000000ca1de00000)]
  0x0000020841edd310 JavaThread "Thread-5" daemon [_thread_in_native, id=4608, stack(0x000000ca1de00000,0x000000ca1df00000)]
  0x0000020841edc3e0 JavaThread "Thread-6" daemon [_thread_in_native, id=6456, stack(0x000000ca1df00000,0x000000ca1e000000)]
  0x0000020841edaa90 JavaThread "Thread-7" daemon [_thread_in_native, id=8820, stack(0x000000ca1e000000,0x000000ca1e100000)]
  0x0000020841edce00 JavaThread "pool-2-thread-1" [_thread_blocked, id=12724, stack(0x000000ca1e100000,0x000000ca1e200000)]
  0x0000020841edafa0 JavaThread "WorkspaceEventsHandler" [_thread_blocked, id=10336, stack(0x000000ca1e200000,0x000000ca1e300000)]
  0x0000020841edd820 JavaThread "pool-1-thread-1" [_thread_blocked, id=19036, stack(0x000000ca1e300000,0x000000ca1e400000)]
  0x0000020841eda070 JavaThread "Worker-7" [_thread_blocked, id=17960, stack(0x000000ca1e400000,0x000000ca1e500000)]
  0x0000020841115710 JavaThread "Worker-8" [_thread_blocked, id=13996, stack(0x000000ca1e500000,0x000000ca1e600000)]
  0x0000020842654620 JavaThread "LocalFile Deleter" daemon [_thread_blocked, id=8108, stack(0x000000ca1e600000,0x000000ca1e700000)]
  0x0000020842654b30 JavaThread "LocalFile Deleter" daemon [_thread_blocked, id=5144, stack(0x000000ca1e700000,0x000000ca1e800000)]
  0x00000208426527c0 JavaThread "LocalFile Deleter" daemon [_thread_blocked, id=2776, stack(0x000000ca1e800000,0x000000ca1e900000)]
  0x0000020842655040 JavaThread "LocalFile Deleter" daemon [_thread_blocked, id=15884, stack(0x000000ca1e900000,0x000000ca1ea00000)]
  0x0000020842653c00 JavaThread "ForkJoinPool.commonPool-worker-1" daemon [_thread_blocked, id=16804, stack(0x000000ca1ea00000,0x000000ca1eb00000)]
  0x00000208426531e0 JavaThread "ForkJoinPool.commonPool-worker-2" daemon [_thread_blocked, id=1416, stack(0x000000ca1eb00000,0x000000ca1ec00000)]
  0x00000208426536f0 JavaThread "ForkJoinPool.commonPool-worker-3" daemon [_thread_blocked, id=16296, stack(0x000000ca1ec00000,0x000000ca1ed00000)]
  0x0000020842652cd0 JavaThread "Thread-8" daemon [_thread_in_Java, id=12224, stack(0x000000ca1ed00000,0x000000ca1ee00000)]

Other Threads:
  0x00000208253a3d70 VMThread "VM Thread" [stack: 0x000000ca1ba00000,0x000000ca1bb00000] [id=2328]
  0x00000208406df390 WatcherThread [stack: 0x000000ca1c600000,0x000000ca1c700000] [id=18540]
  0x0000020825314f20 GCTaskThread "GC Thread#0" [stack: 0x000000ca1b900000,0x000000ca1ba00000] [id=6232]
  0x0000020840b1f2a0 GCTaskThread "GC Thread#1" [stack: 0x000000ca1c700000,0x000000ca1c800000] [id=4892]
  0x0000020840b1f970 GCTaskThread "GC Thread#2" [stack: 0x000000ca1c800000,0x000000ca1c900000] [id=9804]
  0x0000020840b1fc30 GCTaskThread "GC Thread#3" [stack: 0x000000ca1c900000,0x000000ca1ca00000] [id=10940]

Threads with active compile tasks:
C2 CompilerThread0    62112 8978 % !   4       org.eclipse.jdt.internal.compiler.classfmt.ClassFileReader::<init> @ 63 (2119 bytes)

VM state: not at safepoint (normal execution)

VM Mutex/Monitor currently owned by a thread: None

Heap address: 0x00000000c0000000, size: 1024 MB, Compressed Oops mode: 32-bit

CDS archive(s) not mapped
Compressed class space mapped at: 0x0000000100000000-0x0000000140000000, reserved size: 1073741824
Narrow klass base: 0x0000000000000000, Narrow klass shift: 3, Narrow klass range: 0x140000000

GC Precious Log:
 CPUs: 4 total, 4 available
 Memory: 3917M
 Large Page Support: Disabled
 NUMA Support: Disabled
 Compressed Oops: Enabled (32-bit)
 Alignments: Space 512K, Generation 512K, Heap 2M
 Heap Min Capacity: 100M
 Heap Initial Capacity: 100M
 Heap Max Capacity: 1G
 Pre-touch: Disabled
 Parallel Workers: 4

Heap:
 PSYoungGen      total 15872K, used 7498K [0x00000000eab00000, 0x00000000ec600000, 0x0000000100000000)
  eden space 9216K, 10% used [0x00000000eab00000,0x00000000eabfa998,0x00000000eb400000)
  from space 6656K, 97% used [0x00000000eb400000,0x00000000eba58000,0x00000000eba80000)
  to   space 9216K, 0% used [0x00000000ebd00000,0x00000000ebd00000,0x00000000ec600000)
 ParOldGen       total 91136K, used 79497K [0x00000000c0000000, 0x00000000c5900000, 0x00000000eab00000)
  object space 91136K, 87% used [0x00000000c0000000,0x00000000c4da25e0,0x00000000c5900000)
 Metaspace       used 60502K, committed 61760K, reserved 1114112K
  class space    used 6417K, committed 6976K, reserved 1048576K

Card table byte_map: [0x0000020838a00000,0x0000020838c10000] _byte_map_base: 0x0000020838400000

Marking Bits: (ParMarkBitMap*) 0x00007ffe63156940
 Begin Bits: [0x0000020838d70000, 0x0000020839d70000)
 End Bits:   [0x0000020839d70000, 0x000002083ad70000)

Polling page: 0x00000208253b0000

Metaspace:

Usage:
  Non-class:     52.82 MB used.
      Class:      6.27 MB used.
       Both:     59.08 MB used.

Virtual space:
  Non-class space:       64.00 MB reserved,      53.50 MB ( 84%) committed,  1 nodes.
      Class space:        1.00 GB reserved,       6.81 MB ( <1%) committed,  1 nodes.
             Both:        1.06 GB reserved,      60.31 MB (  6%) committed. 

Chunk freelists:
   Non-Class:  10.30 MB
       Class:  9.04 MB
        Both:  19.34 MB

MaxMetaspaceSize: unlimited
CompressedClassSpaceSize: 1.00 GB
Initial GC threshold: 21.00 MB
Current GC threshold: 100.56 MB
CDS: off
MetaspaceReclaimPolicy: balanced
 - commit_granule_bytes: 65536.
 - commit_granule_words: 8192.
 - virtual_space_node_default_size: 8388608.
 - enlarge_chunks_in_place: 1.
 - new_chunks_are_fully_committed: 0.
 - uncommit_free_chunks: 1.
 - use_allocation_guard: 0.
 - handle_deallocations: 1.


Internal statistics:

num_allocs_failed_limit: 9.
num_arena_births: 854.
num_arena_deaths: 14.
num_vsnodes_births: 2.
num_vsnodes_deaths: 0.
num_space_committed: 965.
num_space_uncommitted: 0.
num_chunks_returned_to_freelist: 23.
num_chunks_taken_from_freelist: 3419.
num_chunk_merges: 14.
num_chunk_splits: 2026.
num_chunks_enlarged: 1042.
num_inconsistent_stats: 0.

CodeHeap 'non-profiled nmethods': size=120000Kb used=4776Kb max_used=4776Kb free=115223Kb
 bounds [0x00000208313e0000, 0x0000020831890000, 0x0000020838910000]
CodeHeap 'profiled nmethods': size=120000Kb used=17444Kb max_used=17444Kb free=102556Kb
 bounds [0x0000020829910000, 0x000002082aa20000, 0x0000020830e40000]
CodeHeap 'non-nmethods': size=5760Kb used=1321Kb max_used=1388Kb free=4438Kb
 bounds [0x0000020830e40000, 0x00000208310b0000, 0x00000208313e0000]
 total_blobs=8850 nmethods=8191 adapters=573
 compilation: enabled
              stopped_count=0, restarted_count=0
 full_count=0

Compilation events (20 events):
Event: 61.524 Thread 0x000002083b16ea70 8972   !   3       org.apache.maven.model.BuildBase::clone (211 bytes)
Event: 61.525 Thread 0x000002083b16ea70 nmethod 8972 0x000002082aa13e10 code [0x000002082aa141e0, 0x000002082aa15c18]
Event: 61.525 Thread 0x000002083b16ea70 8973   !   3       org.apache.maven.model.PluginConfiguration::clone (69 bytes)
Event: 61.526 Thread 0x000002083b16ea70 nmethod 8973 0x000002082aa16790 code [0x000002082aa16a20, 0x000002082aa17358]
Event: 61.530 Thread 0x000002083b16ea70 8974       1       org.apache.maven.model.PluginExecution::setGoals (6 bytes)
Event: 61.531 Thread 0x000002083b16ea70 nmethod 8974 0x0000020831884c90 code [0x0000020831884e20, 0x0000020831884ef8]
Event: 61.531 Thread 0x000002083b16ea70 8975       3       java.util.concurrent.ConcurrentHashMap::entrySet (25 bytes)
Event: 61.531 Thread 0x000002083b16ea70 nmethod 8975 0x000002082aa17790 code [0x000002082aa17940, 0x000002082aa17c38]
Event: 61.531 Thread 0x000002083b16ea70 8976       1       org.apache.maven.model.ModelBase::getReporting (5 bytes)
Event: 61.531 Thread 0x000002083b16ea70 nmethod 8976 0x0000020831884f90 code [0x0000020831885120, 0x00000208318851f8]
Event: 61.531 Thread 0x000002083b16ea70 8977       1       org.eclipse.aether.DefaultRepositorySystemSession::getMirrorSelector (5 bytes)
Event: 61.531 Thread 0x000002083b16ea70 nmethod 8977 0x0000020831885290 code [0x0000020831885420, 0x00000208318854f8]
Event: 61.532 Thread 0x000002083b16ea70 8979       1       org.apache.maven.model.ModelBase::getDistributionManagement (5 bytes)
Event: 61.533 Thread 0x000002083b16ea70 nmethod 8979 0x0000020831885590 code [0x0000020831885720, 0x00000208318857f8]
Event: 61.533 Thread 0x000002083b16ea70 8980       3       org.eclipse.sisu.wire.NamedIterableAdapter$NamedIterator::hasNext (10 bytes)
Event: 61.534 Thread 0x000002083b16ea70 nmethod 8980 0x000002082aa17d90 code [0x000002082aa17f40, 0x000002082aa18108]
Event: 61.539 Thread 0x000002083b150da0 nmethod 8965 0x0000020831885890 code [0x0000020831885a60, 0x0000020831886ed8]
Event: 61.539 Thread 0x000002083b150da0 8978 % !   4       org.eclipse.jdt.internal.compiler.classfmt.ClassFileReader::<init> @ 63 (2119 bytes)
Event: 61.824 Thread 0x000002083b16ea70 8981       3       org.eclipse.jdt.internal.compiler.classfmt.InnerClassInfo::<init> (55 bytes)
Event: 61.825 Thread 0x000002083b16ea70 nmethod 8981 0x000002082aa18210 code [0x000002082aa183e0, 0x000002082aa18998]

GC Heap History (20 events):
Event: 52.519 GC heap before
{Heap before GC invocations=26 (full 2):
 PSYoungGen      total 23552K, used 23158K [0x00000000eab00000, 0x00000000ec500000, 0x0000000100000000)
  eden space 22016K, 100% used [0x00000000eab00000,0x00000000ec080000,0x00000000ec080000)
  from space 1536K, 74% used [0x00000000ec180000,0x00000000ec29d898,0x00000000ec300000)
  to   space 2048K, 0% used [0x00000000ec300000,0x00000000ec300000,0x00000000ec500000)
 ParOldGen       total 68608K, used 33860K [0x00000000c0000000, 0x00000000c4300000, 0x00000000eab00000)
  object space 68608K, 49% used [0x00000000c0000000,0x00000000c2111200,0x00000000c4300000)
 Metaspace       used 57290K, committed 58432K, reserved 1114112K
  class space    used 6093K, committed 6592K, reserved 1048576K
}
Event: 52.529 GC heap after
{Heap after GC invocations=26 (full 2):
 PSYoungGen      total 24064K, used 1773K [0x00000000eab00000, 0x00000000ec500000, 0x0000000100000000)
  eden space 22016K, 0% used [0x00000000eab00000,0x00000000eab00000,0x00000000ec080000)
  from space 2048K, 86% used [0x00000000ec300000,0x00000000ec4bb4e0,0x00000000ec500000)
  to   space 2048K, 0% used [0x00000000ec100000,0x00000000ec100000,0x00000000ec300000)
 ParOldGen       total 68608K, used 34777K [0x00000000c0000000, 0x00000000c4300000, 0x00000000eab00000)
  object space 68608K, 50% used [0x00000000c0000000,0x00000000c21f6470,0x00000000c4300000)
 Metaspace       used 57290K, committed 58432K, reserved 1114112K
  class space    used 6093K, committed 6592K, reserved 1048576K
}
Event: 54.473 GC heap before
{Heap before GC invocations=27 (full 2):
 PSYoungGen      total 24064K, used 23789K [0x00000000eab00000, 0x00000000ec500000, 0x0000000100000000)
  eden space 22016K, 100% used [0x00000000eab00000,0x00000000ec080000,0x00000000ec080000)
  from space 2048K, 86% used [0x00000000ec300000,0x00000000ec4bb4e0,0x00000000ec500000)
  to   space 2048K, 0% used [0x00000000ec100000,0x00000000ec100000,0x00000000ec300000)
 ParOldGen       total 68608K, used 34777K [0x00000000c0000000, 0x00000000c4300000, 0x00000000eab00000)
  object space 68608K, 50% used [0x00000000c0000000,0x00000000c21f6470,0x00000000c4300000)
 Metaspace       used 58292K, committed 59520K, reserved 1114112K
  class space    used 6192K, committed 6720K, reserved 1048576K
}
Event: 54.481 GC heap after
{Heap after GC invocations=27 (full 2):
 PSYoungGen      total 24064K, used 1943K [0x00000000eab00000, 0x00000000ec480000, 0x0000000100000000)
  eden space 22016K, 0% used [0x00000000eab00000,0x00000000eab00000,0x00000000ec080000)
  from space 2048K, 94% used [0x00000000ec100000,0x00000000ec2e5ec8,0x00000000ec300000)
  to   space 1536K, 0% used [0x00000000ec300000,0x00000000ec300000,0x00000000ec480000)
 ParOldGen       total 68608K, used 36184K [0x00000000c0000000, 0x00000000c4300000, 0x00000000eab00000)
  object space 68608K, 52% used [0x00000000c0000000,0x00000000c2356278,0x00000000c4300000)
 Metaspace       used 58292K, committed 59520K, reserved 1114112K
  class space    used 6192K, committed 6720K, reserved 1048576K
}
Event: 54.669 GC heap before
{Heap before GC invocations=28 (full 2):
 PSYoungGen      total 24064K, used 7267K [0x00000000eab00000, 0x00000000ec480000, 0x0000000100000000)
  eden space 22016K, 24% used [0x00000000eab00000,0x00000000eb033010,0x00000000ec080000)
  from space 2048K, 94% used [0x00000000ec100000,0x00000000ec2e5ec8,0x00000000ec300000)
  to   space 1536K, 0% used [0x00000000ec300000,0x00000000ec300000,0x00000000ec480000)
 ParOldGen       total 68608K, used 36184K [0x00000000c0000000, 0x00000000c4300000, 0x00000000eab00000)
  object space 68608K, 52% used [0x00000000c0000000,0x00000000c2356278,0x00000000c4300000)
 Metaspace       used 58558K, committed 59776K, reserved 1114112K
  class space    used 6220K, committed 6784K, reserved 1048576K
}
Event: 54.672 GC heap after
{Heap after GC invocations=28 (full 2):
 PSYoungGen      total 23040K, used 973K [0x00000000eab00000, 0x00000000ec400000, 0x0000000100000000)
  eden space 22016K, 0% used [0x00000000eab00000,0x00000000eab00000,0x00000000ec080000)
  from space 1024K, 95% used [0x00000000ec300000,0x00000000ec3f3510,0x00000000ec400000)
  to   space 1536K, 0% used [0x00000000ec100000,0x00000000ec100000,0x00000000ec280000)
 ParOldGen       total 68608K, used 38028K [0x00000000c0000000, 0x00000000c4300000, 0x00000000eab00000)
  object space 68608K, 55% used [0x00000000c0000000,0x00000000c25231f0,0x00000000c4300000)
 Metaspace       used 58558K, committed 59776K, reserved 1114112K
  class space    used 6220K, committed 6784K, reserved 1048576K
}
Event: 54.672 GC heap before
{Heap before GC invocations=29 (full 3):
 PSYoungGen      total 23040K, used 973K [0x00000000eab00000, 0x00000000ec400000, 0x0000000100000000)
  eden space 22016K, 0% used [0x00000000eab00000,0x00000000eab00000,0x00000000ec080000)
  from space 1024K, 95% used [0x00000000ec300000,0x00000000ec3f3510,0x00000000ec400000)
  to   space 1536K, 0% used [0x00000000ec100000,0x00000000ec100000,0x00000000ec280000)
 ParOldGen       total 68608K, used 38028K [0x00000000c0000000, 0x00000000c4300000, 0x00000000eab00000)
  object space 68608K, 55% used [0x00000000c0000000,0x00000000c25231f0,0x00000000c4300000)
 Metaspace       used 58558K, committed 59776K, reserved 1114112K
  class space    used 6220K, committed 6784K, reserved 1048576K
}
Event: 55.182 GC heap after
{Heap after GC invocations=29 (full 3):
 PSYoungGen      total 23040K, used 0K [0x00000000eab00000, 0x00000000ec400000, 0x0000000100000000)
  eden space 22016K, 0% used [0x00000000eab00000,0x00000000eab00000,0x00000000ec080000)
  from space 1024K, 0% used [0x00000000ec300000,0x00000000ec300000,0x00000000ec400000)
  to   space 1536K, 0% used [0x00000000ec100000,0x00000000ec100000,0x00000000ec280000)
 ParOldGen       total 68608K, used 34743K [0x00000000c0000000, 0x00000000c4300000, 0x00000000eab00000)
  object space 68608K, 50% used [0x00000000c0000000,0x00000000c21edfe0,0x00000000c4300000)
 Metaspace       used 58558K, committed 59776K, reserved 1114112K
  class space    used 6220K, committed 6784K, reserved 1048576K
}
Event: 57.669 GC heap before
{Heap before GC invocations=30 (full 3):
 PSYoungGen      total 23040K, used 21966K [0x00000000eab00000, 0x00000000ec400000, 0x0000000100000000)
  eden space 22016K, 99% used [0x00000000eab00000,0x00000000ec073848,0x00000000ec080000)
  from space 1024K, 0% used [0x00000000ec300000,0x00000000ec300000,0x00000000ec400000)
  to   space 1536K, 0% used [0x00000000ec100000,0x00000000ec100000,0x00000000ec280000)
 ParOldGen       total 68608K, used 34743K [0x00000000c0000000, 0x00000000c4300000, 0x00000000eab00000)
  object space 68608K, 50% used [0x00000000c0000000,0x00000000c21edfe0,0x00000000c4300000)
 Metaspace       used 59966K, committed 61248K, reserved 1114112K
  class space    used 6368K, committed 6976K, reserved 1048576K
}
Event: 57.673 GC heap after
{Heap after GC invocations=30 (full 3):
 PSYoungGen      total 23552K, used 1519K [0x00000000eab00000, 0x00000000ec680000, 0x0000000100000000)
  eden space 22016K, 0% used [0x00000000eab00000,0x00000000eab00000,0x00000000ec080000)
  from space 1536K, 98% used [0x00000000ec100000,0x00000000ec27bd98,0x00000000ec280000)
  to   space 3072K, 0% used [0x00000000ec380000,0x00000000ec380000,0x00000000ec680000)
 ParOldGen       total 68608K, used 35963K [0x00000000c0000000, 0x00000000c4300000, 0x00000000eab00000)
  object space 68608K, 52% used [0x00000000c0000000,0x00000000c231eff0,0x00000000c4300000)
 Metaspace       used 59966K, committed 61248K, reserved 1114112K
  class space    used 6368K, committed 6976K, reserved 1048576K
}
Event: 58.474 GC heap before
{Heap before GC invocations=31 (full 3):
 PSYoungGen      total 23552K, used 22641K [0x00000000eab00000, 0x00000000ec680000, 0x0000000100000000)
  eden space 22016K, 95% used [0x00000000eab00000,0x00000000ebfa0688,0x00000000ec080000)
  from space 1536K, 98% used [0x00000000ec100000,0x00000000ec27bd98,0x00000000ec280000)
  to   space 3072K, 0% used [0x00000000ec380000,0x00000000ec380000,0x00000000ec680000)
 ParOldGen       total 68608K, used 35963K [0x00000000c0000000, 0x00000000c4300000, 0x00000000eab00000)
  object space 68608K, 52% used [0x00000000c0000000,0x00000000c231eff0,0x00000000c4300000)
 Metaspace       used 60351K, committed 61568K, reserved 1114112K
  class space    used 6411K, committed 6976K, reserved 1048576K
}
Event: 58.483 GC heap after
{Heap after GC invocations=31 (full 3):
 PSYoungGen      total 20480K, used 3067K [0x00000000eab00000, 0x00000000ecf80000, 0x0000000100000000)
  eden space 17408K, 0% used [0x00000000eab00000,0x00000000eab00000,0x00000000ebc00000)
  from space 3072K, 99% used [0x00000000ec380000,0x00000000ec67ede0,0x00000000ec680000)
  to   space 7680K, 0% used [0x00000000ebc00000,0x00000000ebc00000,0x00000000ec380000)
 ParOldGen       total 68608K, used 39758K [0x00000000c0000000, 0x00000000c4300000, 0x00000000eab00000)
  object space 68608K, 57% used [0x00000000c0000000,0x00000000c26d3be0,0x00000000c4300000)
 Metaspace       used 60351K, committed 61568K, reserved 1114112K
  class space    used 6411K, committed 6976K, reserved 1048576K
}
Event: 58.842 GC heap before
{Heap before GC invocations=32 (full 3):
 PSYoungGen      total 20480K, used 16484K [0x00000000eab00000, 0x00000000ecf80000, 0x0000000100000000)
  eden space 17408K, 77% used [0x00000000eab00000,0x00000000eb81a370,0x00000000ebc00000)
  from space 3072K, 99% used [0x00000000ec380000,0x00000000ec67ede0,0x00000000ec680000)
  to   space 7680K, 0% used [0x00000000ebc00000,0x00000000ebc00000,0x00000000ec380000)
 ParOldGen       total 68608K, used 39758K [0x00000000c0000000, 0x00000000c4300000, 0x00000000eab00000)
  object space 68608K, 57% used [0x00000000c0000000,0x00000000c26d3be0,0x00000000c4300000)
 Metaspace       used 60400K, committed 61632K, reserved 1114112K
  class space    used 6413K, committed 6976K, reserved 1048576K
}
Event: 58.856 GC heap after
{Heap after GC invocations=32 (full 3):
 PSYoungGen      total 23552K, used 5951K [0x00000000eab00000, 0x00000000ec900000, 0x0000000100000000)
  eden space 17408K, 0% used [0x00000000eab00000,0x00000000eab00000,0x00000000ebc00000)
  from space 6144K, 96% used [0x00000000ebc00000,0x00000000ec1cff90,0x00000000ec200000)
  to   space 6656K, 0% used [0x00000000ec280000,0x00000000ec280000,0x00000000ec900000)
 ParOldGen       total 68608K, used 42833K [0x00000000c0000000, 0x00000000c4300000, 0x00000000eab00000)
  object space 68608K, 62% used [0x00000000c0000000,0x00000000c29d4458,0x00000000c4300000)
 Metaspace       used 60400K, committed 61632K, reserved 1114112K
  class space    used 6413K, committed 6976K, reserved 1048576K
}
Event: 60.130 GC heap before
{Heap before GC invocations=33 (full 3):
 PSYoungGen      total 23552K, used 23353K [0x00000000eab00000, 0x00000000ec900000, 0x0000000100000000)
  eden space 17408K, 99% used [0x00000000eab00000,0x00000000ebbfe5f8,0x00000000ebc00000)
  from space 6144K, 96% used [0x00000000ebc00000,0x00000000ec1cff90,0x00000000ec200000)
  to   space 6656K, 0% used [0x00000000ec280000,0x00000000ec280000,0x00000000ec900000)
 ParOldGen       total 91136K, used 80171K [0x00000000c0000000, 0x00000000c5900000, 0x00000000eab00000)
  object space 91136K, 87% used [0x00000000c0000000,0x00000000c4e4afa8,0x00000000c5900000)
 Metaspace       used 60477K, committed 61696K, reserved 1114112K
  class space    used 6417K, committed 6976K, reserved 1048576K
}
Event: 60.137 GC heap after
{Heap after GC invocations=33 (full 3):
 PSYoungGen      total 21504K, used 4096K [0x00000000eab00000, 0x00000000ec680000, 0x0000000100000000)
  eden space 17408K, 0% used [0x00000000eab00000,0x00000000eab00000,0x00000000ebc00000)
  from space 4096K, 100% used [0x00000000ec280000,0x00000000ec680000,0x00000000ec680000)
  to   space 5120K, 0% used [0x00000000ebc80000,0x00000000ebc80000,0x00000000ec180000)
 ParOldGen       total 91136K, used 80692K [0x00000000c0000000, 0x00000000c5900000, 0x00000000eab00000)
  object space 91136K, 88% used [0x00000000c0000000,0x00000000c4ecd178,0x00000000c5900000)
 Metaspace       used 60477K, committed 61696K, reserved 1114112K
  class space    used 6417K, committed 6976K, reserved 1048576K
}
Event: 61.235 GC heap before
{Heap before GC invocations=34 (full 3):
 PSYoungGen      total 21504K, used 21504K [0x00000000eab00000, 0x00000000ec680000, 0x0000000100000000)
  eden space 17408K, 100% used [0x00000000eab00000,0x00000000ebc00000,0x00000000ebc00000)
  from space 4096K, 100% used [0x00000000ec280000,0x00000000ec680000,0x00000000ec680000)
  to   space 5120K, 0% used [0x00000000ebc80000,0x00000000ebc80000,0x00000000ec180000)
 ParOldGen       total 91136K, used 80692K [0x00000000c0000000, 0x00000000c5900000, 0x00000000eab00000)
  object space 91136K, 88% used [0x00000000c0000000,0x00000000c4ecd178,0x00000000c5900000)
 Metaspace       used 60496K, committed 61760K, reserved 1114112K
  class space    used 6417K, committed 6976K, reserved 1048576K
}
Event: 61.263 GC heap after
{Heap after GC invocations=34 (full 3):
 PSYoungGen      total 22528K, used 5098K [0x00000000eab00000, 0x00000000ec680000, 0x0000000100000000)
  eden space 17408K, 0% used [0x00000000eab00000,0x00000000eab00000,0x00000000ebc00000)
  from space 5120K, 99% used [0x00000000ebc80000,0x00000000ec17ab38,0x00000000ec180000)
  to   space 4096K, 0% used [0x00000000ec280000,0x00000000ec280000,0x00000000ec680000)
 ParOldGen       total 91136K, used 88809K [0x00000000c0000000, 0x00000000c5900000, 0x00000000eab00000)
  object space 91136K, 97% used [0x00000000c0000000,0x00000000c56ba528,0x00000000c5900000)
 Metaspace       used 60496K, committed 61760K, reserved 1114112K
  class space    used 6417K, committed 6976K, reserved 1048576K
}
Event: 61.838 GC heap before
{Heap before GC invocations=35 (full 4):
 PSYoungGen      total 22528K, used 22506K [0x00000000eab00000, 0x00000000ec680000, 0x0000000100000000)
  eden space 17408K, 100% used [0x00000000eab00000,0x00000000ebc00000,0x00000000ebc00000)
  from space 5120K, 99% used [0x00000000ebc80000,0x00000000ec17ab38,0x00000000ec180000)
  to   space 4096K, 0% used [0x00000000ec280000,0x00000000ec280000,0x00000000ec680000)
 ParOldGen       total 91136K, used 88809K [0x00000000c0000000, 0x00000000c5900000, 0x00000000eab00000)
  object space 91136K, 97% used [0x00000000c0000000,0x00000000c56ba528,0x00000000c5900000)
 Metaspace       used 60502K, committed 61760K, reserved 1114112K
  class space    used 6417K, committed 6976K, reserved 1048576K
}
Event: 62.006 GC heap after
{Heap after GC invocations=35 (full 4):
 PSYoungGen      total 13312K, used 0K [0x00000000eab00000, 0x00000000ed900000, 0x0000000100000000)
  eden space 9216K, 0% used [0x00000000eab00000,0x00000000eab00000,0x00000000eb400000)
  from space 4096K, 0% used [0x00000000ec280000,0x00000000ec280000,0x00000000ec680000)
  to   space 14848K, 0% used [0x00000000eb400000,0x00000000eb400000,0x00000000ec280000)
 ParOldGen       total 91136K, used 79497K [0x00000000c0000000, 0x00000000c5900000, 0x00000000eab00000)
  object space 91136K, 87% used [0x00000000c0000000,0x00000000c4da25e0,0x00000000c5900000)
 Metaspace       used 60502K, committed 61760K, reserved 1114112K
  class space    used 6417K, committed 6976K, reserved 1048576K
}

Dll operation events (10 events):
Event: 0.069 Loaded shared library c:\Users\niti2\.vscode\extensions\redhat.java-1.38.0-win32-x64\jre\17.0.13-win32-x86_64\bin\java.dll
Event: 2.131 Loaded shared library c:\Users\niti2\.vscode\extensions\redhat.java-1.38.0-win32-x64\jre\17.0.13-win32-x86_64\bin\zip.dll
Event: 2.192 Loaded shared library C:\Users\niti2\.vscode\extensions\redhat.java-1.38.0-win32-x64\jre\17.0.13-win32-x86_64\bin\instrument.dll
Event: 2.272 Loaded shared library C:\Users\niti2\.vscode\extensions\redhat.java-1.38.0-win32-x64\jre\17.0.13-win32-x86_64\bin\net.dll
Event: 2.278 Loaded shared library C:\Users\niti2\.vscode\extensions\redhat.java-1.38.0-win32-x64\jre\17.0.13-win32-x86_64\bin\nio.dll
Event: 2.290 Loaded shared library C:\Users\niti2\.vscode\extensions\redhat.java-1.38.0-win32-x64\jre\17.0.13-win32-x86_64\bin\zip.dll
Event: 2.411 Loaded shared library C:\Users\niti2\.vscode\extensions\redhat.java-1.38.0-win32-x64\jre\17.0.13-win32-x86_64\bin\jimage.dll
Event: 4.351 Loaded shared library c:\Users\niti2\.vscode\extensions\redhat.java-1.38.0-win32-x64\jre\17.0.13-win32-x86_64\bin\verify.dll
Event: 15.704 Loaded shared library C:\Users\niti2\AppData\Roaming\Code\User\globalStorage\redhat.java\1.38.0\config_win\org.eclipse.equinox.launcher\org.eclipse.equinox.launcher.win32.win32.x86_64_1.2.1100.v20240722-2106\eclipse_11904.dll
Event: 27.235 Loaded shared library C:\Users\niti2\AppData\Local\Temp\jna-104830146\jna14827678696076270508.dll

Deoptimization events (20 events):
Event: 59.888 Thread 0x0000020842652cd0 Uncommon trap: trap_request=0xffffffc6 fr.pc=0x0000020831864958 relative=0x0000000000000758
Event: 59.888 Thread 0x0000020842652cd0 Uncommon trap: reason=bimorphic_or_optimized_type_check action=maybe_recompile pc=0x0000020831864958 method=java.util.HashMap.putVal(ILjava/lang/Object;Ljava/lang/Object;ZZ)Ljava/lang/Object; @ 203 c2
Event: 59.888 Thread 0x0000020842652cd0 DEOPT PACKING pc=0x0000020831864958 sp=0x000000ca1edfe6f0
Event: 59.888 Thread 0x0000020842652cd0 DEOPT UNPACKING pc=0x0000020830e966a3 sp=0x000000ca1edfe5e0 mode 2
Event: 59.888 Thread 0x0000020842652cd0 Uncommon trap: trap_request=0xffffffc6 fr.pc=0x0000020831864958 relative=0x0000000000000758
Event: 59.888 Thread 0x0000020842652cd0 Uncommon trap: reason=bimorphic_or_optimized_type_check action=maybe_recompile pc=0x0000020831864958 method=java.util.HashMap.putVal(ILjava/lang/Object;Ljava/lang/Object;ZZ)Ljava/lang/Object; @ 203 c2
Event: 59.888 Thread 0x0000020842652cd0 DEOPT PACKING pc=0x0000020831864958 sp=0x000000ca1edfe6f0
Event: 59.888 Thread 0x0000020842652cd0 DEOPT UNPACKING pc=0x0000020830e966a3 sp=0x000000ca1edfe5e0 mode 2
Event: 59.889 Thread 0x0000020842652cd0 Uncommon trap: trap_request=0xffffffc6 fr.pc=0x00000208316a510c relative=0x00000000000002ac
Event: 59.889 Thread 0x0000020842652cd0 Uncommon trap: reason=bimorphic_or_optimized_type_check action=maybe_recompile pc=0x00000208316a510c method=com.google.gson.internal.bind.TypeAdapterRuntimeTypeWrapper.read(Lcom/google/gson/stream/JsonReader;)Ljava/lang/Object; @ 5 c2
Event: 59.889 Thread 0x0000020842652cd0 DEOPT PACKING pc=0x00000208316a510c sp=0x000000ca1edfeeb0
Event: 59.889 Thread 0x0000020842652cd0 DEOPT UNPACKING pc=0x0000020830e966a3 sp=0x000000ca1edfee38 mode 2
Event: 59.889 Thread 0x0000020842652cd0 Uncommon trap: trap_request=0xffffffc6 fr.pc=0x00000208316a510c relative=0x00000000000002ac
Event: 59.889 Thread 0x0000020842652cd0 Uncommon trap: reason=bimorphic_or_optimized_type_check action=maybe_recompile pc=0x00000208316a510c method=com.google.gson.internal.bind.TypeAdapterRuntimeTypeWrapper.read(Lcom/google/gson/stream/JsonReader;)Ljava/lang/Object; @ 5 c2
Event: 59.889 Thread 0x0000020842652cd0 DEOPT PACKING pc=0x00000208316a510c sp=0x000000ca1edfeda0
Event: 59.889 Thread 0x0000020842652cd0 DEOPT UNPACKING pc=0x0000020830e966a3 sp=0x000000ca1edfed38 mode 2
Event: 59.999 Thread 0x0000020842652cd0 Uncommon trap: trap_request=0xffffffcc fr.pc=0x0000020831865ec4 relative=0x0000000000000124
Event: 59.999 Thread 0x0000020842652cd0 Uncommon trap: reason=intrinsic_or_type_checked_inlining action=make_not_entrant pc=0x0000020831865ec4 method=java.util.ArrayList.toArray([Ljava/lang/Object;)[Ljava/lang/Object; @ 36 c2
Event: 59.999 Thread 0x0000020842652cd0 DEOPT PACKING pc=0x0000020831865ec4 sp=0x000000ca1edfeb00
Event: 59.999 Thread 0x0000020842652cd0 DEOPT UNPACKING pc=0x0000020830e966a3 sp=0x000000ca1edfeaa0 mode 2

Classes loaded (20 events):
Event: 58.469 Loading class com/sun/crypto/provider/ElectronicCodeBook
Event: 58.471 Loading class com/sun/crypto/provider/FeedbackCipher
Event: 58.471 Loading class com/sun/crypto/provider/FeedbackCipher done
Event: 58.471 Loading class com/sun/crypto/provider/ElectronicCodeBook done
Event: 58.471 Loading class com/sun/crypto/provider/PKCS5Padding
Event: 58.471 Loading class com/sun/crypto/provider/Padding
Event: 58.472 Loading class com/sun/crypto/provider/Padding done
Event: 58.472 Loading class com/sun/crypto/provider/PKCS5Padding done
Event: 58.472 Loading class com/sun/crypto/provider/CipherBlockChaining
Event: 58.472 Loading class com/sun/crypto/provider/CipherBlockChaining done
Event: 58.473 Loading class javax/crypto/NullCipher
Event: 58.473 Loading class javax/crypto/NullCipher done
Event: 58.484 Loading class sun/security/util/ArrayUtil
Event: 58.486 Loading class sun/security/util/ArrayUtil done
Event: 58.561 Loading class java/util/zip/CheckedInputStream
Event: 58.561 Loading class java/util/zip/CheckedInputStream done
Event: 59.457 Loading class java/io/SequenceInputStream
Event: 59.474 Loading class java/io/SequenceInputStream done
Event: 59.538 Loading class java/util/zip/GZIPInputStream$1
Event: 59.542 Loading class java/util/zip/GZIPInputStream$1 done

Classes unloaded (7 events):
Event: 36.339 Thread 0x00000208253a3d70 Unloading class 0x0000000100258000 'java/lang/invoke/LambdaForm$MH+0x0000000100258000'
Event: 36.344 Thread 0x00000208253a3d70 Unloading class 0x0000000100253c00 'java/lang/invoke/LambdaForm$MH+0x0000000100253c00'
Event: 36.344 Thread 0x00000208253a3d70 Unloading class 0x0000000100253800 'java/lang/invoke/LambdaForm$MH+0x0000000100253800'
Event: 36.344 Thread 0x00000208253a3d70 Unloading class 0x0000000100253400 'java/lang/invoke/LambdaForm$MH+0x0000000100253400'
Event: 36.344 Thread 0x00000208253a3d70 Unloading class 0x0000000100253000 'java/lang/invoke/LambdaForm$BMH+0x0000000100253000'
Event: 36.344 Thread 0x00000208253a3d70 Unloading class 0x0000000100252c00 'java/lang/invoke/LambdaForm$DMH+0x0000000100252c00'
Event: 36.344 Thread 0x00000208253a3d70 Unloading class 0x0000000100250400 'java/lang/invoke/LambdaForm$DMH+0x0000000100250400'

Classes redefined (0 events):
No events

Internal exceptions (20 events):
Event: 51.581 Thread 0x0000020841edb4b0 Exception <a 'sun/nio/fs/WindowsException'{0x00000000eb70c418}> (0x00000000eb70c418) 
thrown [s\src\hotspot\share\prims\jni.cpp, line 516]
Event: 51.581 Thread 0x0000020841edb4b0 Exception <a 'sun/nio/fs/WindowsException'{0x00000000eb70ca20}> (0x00000000eb70ca20) 
thrown [s\src\hotspot\share\prims\jni.cpp, line 516]
Event: 51.581 Thread 0x0000020841edb4b0 Exception <a 'sun/nio/fs/WindowsException'{0x00000000eb70d048}> (0x00000000eb70d048) 
thrown [s\src\hotspot\share\prims\jni.cpp, line 516]
Event: 51.582 Thread 0x0000020841edb4b0 Exception <a 'sun/nio/fs/WindowsException'{0x00000000eb7105f0}> (0x00000000eb7105f0) 
thrown [s\src\hotspot\share\prims\jni.cpp, line 516]
Event: 51.582 Thread 0x0000020841edb4b0 Exception <a 'sun/nio/fs/WindowsException'{0x00000000eb710c18}> (0x00000000eb710c18) 
thrown [s\src\hotspot\share\prims\jni.cpp, line 516]
Event: 51.582 Thread 0x0000020841edb4b0 Exception <a 'sun/nio/fs/WindowsException'{0x00000000eb711240}> (0x00000000eb711240) 
thrown [s\src\hotspot\share\prims\jni.cpp, line 516]
Event: 51.582 Thread 0x0000020841edb4b0 Exception <a 'sun/nio/fs/WindowsException'{0x00000000eb711880}> (0x00000000eb711880) 
thrown [s\src\hotspot\share\prims\jni.cpp, line 516]
Event: 52.147 Thread 0x0000020841edd820 Exception <a 'java/lang/NoSuchMethodError'{0x00000000eb5ae550}: 'java.lang.Object java.lang.invoke.DirectMethodHandle$Holder.invokeInterface(java.lang.Object, java.lang.Object, java.lang.Object)'> (0x00000000eb5ae550) 
thrown [s\src\hotspot\share\interpreter\linkResolver.cpp, line 759]
Event: 52.565 Thread 0x0000020841edd820 Exception <a 'sun/nio/fs/WindowsException'{0x00000000ead39bb0}> (0x00000000ead39bb0) 
thrown [s\src\hotspot\share\prims\jni.cpp, line 516]
Event: 52.565 Thread 0x0000020841edd820 Exception <a 'sun/nio/fs/WindowsException'{0x00000000ead3a1e8}> (0x00000000ead3a1e8) 
thrown [s\src\hotspot\share\prims\jni.cpp, line 516]
Event: 52.566 Thread 0x0000020841edd820 Exception <a 'sun/nio/fs/WindowsException'{0x00000000eaecdfa8}> (0x00000000eaecdfa8) 
thrown [s\src\hotspot\share\prims\jni.cpp, line 516]
Event: 52.567 Thread 0x0000020841edd820 Exception <a 'sun/nio/fs/WindowsException'{0x00000000eaece5e0}> (0x00000000eaece5e0) 
thrown [s\src\hotspot\share\prims\jni.cpp, line 516]
Event: 54.362 Thread 0x0000020841115200 Implicit null exception at 0x000002083170b6ac to 0x000002083170b7c0
Event: 54.620 Thread 0x0000020841115c20 Implicit null exception at 0x000002083174e1a4 to 0x000002083174e68d
Event: 54.658 Thread 0x0000020841115c20 Implicit null exception at 0x000002083174d1a4 to 0x000002083174d655
Event: 55.512 Thread 0x00000208411147e0 Implicit null exception at 0x00000208317201e0 to 0x00000208317205a4
Event: 55.563 Thread 0x00000208411147e0 Exception <a 'java/lang/NoSuchMethodError'{0x00000000eb14a250}: static [J.<clinit>()V> (0x00000000eb14a250) 
thrown [s\src\hotspot\share\prims\jni.cpp, line 1112]
Event: 55.590 Thread 0x00000208411147e0 Exception <a 'java/lang/NoSuchMethodError'{0x00000000eb1eb938}: 'java.lang.Object java.lang.invoke.DirectMethodHandle$Holder.newInvokeSpecial(java.lang.Object, java.lang.Object, java.lang.Object, java.lang.Object, java.lang.Object, java.lang.Object, java.lang.Object, java.lang.Object)'> (0x00000000eb1eb938) 
thrown [s\src\hotspot\share\interpreter\linkResolver.cpp, line 759]
Event: 55.590 Thread 0x00000208411147e0 Exception <a 'java/lang/NoSuchMethodError'{0x00000000eb1f07e8}: 'java.lang.Object java.lang.invoke.Invokers$Holder.linkToTargetMethod(java.lang.Object, java.lang.Object, java.lang.Object, java.lang.Object, java.lang.Object, java.lang.Object, java.lang.Object, java.lang.Object)'> (0x00000000eb1f07e8) 
thrown [s\src\hotspot\share\interpreter\linkResolver.cpp, line 759]
Event: 58.351 Thread 0x0000020842652cd0 Exception <a 'sun/nio/fs/WindowsException'{0x00000000eba95db0}> (0x00000000eba95db0) 
thrown [s\src\hotspot\share\prims\jni.cpp, line 516]

VM Operations (20 events):
Event: 58.161 Executing VM operation: HandshakeAllThreads
Event: 58.210 Executing VM operation: HandshakeAllThreads done
Event: 58.363 Executing VM operation: HandshakeAllThreads
Event: 58.374 Executing VM operation: HandshakeAllThreads done
Event: 58.473 Executing VM operation: ParallelGCFailedAllocation
Event: 58.483 Executing VM operation: ParallelGCFailedAllocation done
Event: 58.581 Executing VM operation: ParallelGCFailedAllocation
Event: 58.856 Executing VM operation: ParallelGCFailedAllocation done
Event: 59.856 Executing VM operation: Cleanup
Event: 59.867 Executing VM operation: Cleanup done
Event: 59.882 Executing VM operation: HandshakeAllThreads
Event: 59.888 Executing VM operation: HandshakeAllThreads done
Event: 60.079 Executing VM operation: ParallelGCFailedAllocation
Event: 60.137 Executing VM operation: ParallelGCFailedAllocation done
Event: 60.182 Executing VM operation: HandshakeAllThreads
Event: 60.250 Executing VM operation: HandshakeAllThreads done
Event: 60.555 Executing VM operation: ParallelGCFailedAllocation
Event: 61.263 Executing VM operation: ParallelGCFailedAllocation done
Event: 61.827 Executing VM operation: ParallelGCFailedAllocation
Event: 62.006 Executing VM operation: ParallelGCFailedAllocation done

Memory protections (0 events):
No events

Nmethod flushes (20 events):
Event: 40.796 Thread 0x000002084039a510 flushing  nmethod 0x000002082a210390
Event: 40.796 Thread 0x000002084039a510 flushing  nmethod 0x000002082a224810
Event: 40.796 Thread 0x000002084039a510 flushing  nmethod 0x000002082a233910
Event: 40.796 Thread 0x000002084039a510 flushing  nmethod 0x000002082a257190
Event: 40.796 Thread 0x000002084039a510 flushing  nmethod 0x000002082a25f590
Event: 40.796 Thread 0x000002084039a510 flushing  nmethod 0x000002082a271890
Event: 40.796 Thread 0x000002084039a510 flushing  nmethod 0x000002082a272490
Event: 40.797 Thread 0x000002084039a510 flushing  nmethod 0x000002082a298610
Event: 40.797 Thread 0x000002084039a510 flushing  nmethod 0x000002082a29e910
Event: 40.797 Thread 0x000002084039a510 flushing  nmethod 0x000002082a2a4410
Event: 40.797 Thread 0x000002084039a510 flushing  nmethod 0x000002082a2d7090
Event: 40.797 Thread 0x000002084039a510 flushing  nmethod 0x000002082a313290
Event: 40.797 Thread 0x000002084039a510 flushing  nmethod 0x000002082a358d10
Event: 40.797 Thread 0x000002084039a510 flushing  nmethod 0x000002082a35a110
Event: 40.797 Thread 0x000002084039a510 flushing  nmethod 0x000002082a35a690
Event: 40.797 Thread 0x000002084039a510 flushing  nmethod 0x000002082a35b590
Event: 40.797 Thread 0x000002084039a510 flushing  nmethod 0x000002082a35bc90
Event: 40.797 Thread 0x000002084039a510 flushing  nmethod 0x000002082a35e990
Event: 52.281 Thread 0x000002084039a510 flushing  nmethod 0x0000020831645190
Event: 52.286 Thread 0x000002084039a510 flushing  nmethod 0x0000020829d5ee10

Events (20 events):
Event: 41.501 Thread 0x00000208252ff570 Thread added: 0x0000020841edbed0
Event: 41.501 Thread 0x00000208252ff570 Thread added: 0x0000020841eda580
Event: 41.501 Thread 0x00000208252ff570 Thread added: 0x0000020841edd310
Event: 41.501 Thread 0x00000208252ff570 Thread added: 0x0000020841edc3e0
Event: 41.501 Thread 0x00000208252ff570 Thread added: 0x0000020841edaa90
Event: 41.527 Thread 0x00000208252ff570 Thread added: 0x0000020841edce00
Event: 43.313 Thread 0x00000208252ff570 Thread added: 0x0000020841edafa0
Event: 43.314 Thread 0x00000208252ff570 Thread added: 0x0000020841edd820
Event: 45.415 Thread 0x0000020841edb4b0 Thread added: 0x0000020841eda070
Event: 48.516 Thread 0x0000020841edb4b0 Thread added: 0x0000020841115710
Event: 51.260 Thread 0x0000020841edb4b0 Thread added: 0x0000020842654620
Event: 51.264 Thread 0x0000020842654620 Thread added: 0x0000020842654b30
Event: 51.274 Thread 0x0000020842654b30 Thread added: 0x00000208426527c0
Event: 51.286 Thread 0x0000020842654b30 Thread added: 0x0000020842655040
Event: 52.077 Thread 0x0000020841edd820 Thread added: 0x0000020842653c00
Event: 52.161 Thread 0x0000020842653c00 Thread added: 0x00000208426531e0
Event: 52.236 Thread 0x00000208426531e0 Thread added: 0x00000208426536f0
Event: 55.515 Thread 0x00000208411147e0 Thread added: 0x0000020842655550
Event: 55.528 Thread 0x0000020842655550 Thread exited: 0x0000020842655550
Event: 57.499 Thread 0x0000020842653c00 Thread added: 0x0000020842652cd0


Dynamic libraries:
0x00007ff741fb0000 - 0x00007ff741fbe000 	c:\Users\niti2\.vscode\extensions\redhat.java-1.38.0-win32-x64\jre\17.0.13-win32-x86_64\bin\java.exe
0x00007ffed9320000 - 0x00007ffed9583000 	C:\WINDOWS\SYSTEM32\ntdll.dll
0x00007ffed8460000 - 0x00007ffed8528000 	C:\WINDOWS\System32\KERNEL32.DLL
0x00007ffed6d20000 - 0x00007ffed70d2000 	C:\WINDOWS\System32\KERNELBASE.dll
0x00007ffed6820000 - 0x00007ffed696b000 	C:\WINDOWS\System32\ucrtbase.dll
0x00007ffe92840000 - 0x00007ffe92857000 	c:\Users\niti2\.vscode\extensions\redhat.java-1.38.0-win32-x64\jre\17.0.13-win32-x86_64\bin\jli.dll
0x00007ffed7e70000 - 0x00007ffed8038000 	C:\WINDOWS\System32\USER32.dll
0x00007ffed6b80000 - 0x00007ffed6ba7000 	C:\WINDOWS\System32\win32u.dll
0x00007ffed8a00000 - 0x00007ffed8a2a000 	C:\WINDOWS\System32\GDI32.dll
0x00007ffed66f0000 - 0x00007ffed681b000 	C:\WINDOWS\System32\gdi32full.dll
0x00007ffed6bb0000 - 0x00007ffed6c53000 	C:\WINDOWS\System32\msvcp_win.dll
0x00007ffe91180000 - 0x00007ffe9119e000 	c:\Users\niti2\.vscode\extensions\redhat.java-1.38.0-win32-x64\jre\17.0.13-win32-x86_64\bin\VCRUNTIME140.dll
0x00007ffebadb0000 - 0x00007ffebb040000 	C:\WINDOWS\WinSxS\amd64_microsoft.windows.common-controls_6595b64144ccf1df_6.0.26100.2454_none_3e0b68a2e331ad60\COMCTL32.dll
0x00007ffed7ce0000 - 0x00007ffed7d89000 	C:\WINDOWS\System32\msvcrt.dll
0x00007ffed8a30000 - 0x00007ffed8a5f000 	C:\WINDOWS\System32\IMM32.DLL
0x00007ffecf020000 - 0x00007ffecf02c000 	c:\Users\niti2\.vscode\extensions\redhat.java-1.38.0-win32-x64\jre\17.0.13-win32-x86_64\bin\vcruntime140_1.dll
0x00007ffe7d030000 - 0x00007ffe7d0bd000 	c:\Users\niti2\.vscode\extensions\redhat.java-1.38.0-win32-x64\jre\17.0.13-win32-x86_64\bin\msvcp140.dll
0x00007ffe625b0000 - 0x00007ffe6321b000 	c:\Users\niti2\.vscode\extensions\redhat.java-1.38.0-win32-x64\jre\17.0.13-win32-x86_64\bin\server\jvm.dll
0x00007ffed7d90000 - 0x00007ffed7e44000 	C:\WINDOWS\System32\ADVAPI32.dll
0x00007ffed8200000 - 0x00007ffed82a6000 	C:\WINDOWS\System32\sechost.dll
0x00007ffed7180000 - 0x00007ffed7296000 	C:\WINDOWS\System32\RPCRT4.dll
0x00007ffed8ac0000 - 0x00007ffed8b34000 	C:\WINDOWS\System32\WS2_32.dll
0x00007ffed65a0000 - 0x00007ffed65ee000 	C:\WINDOWS\SYSTEM32\POWRPROF.dll
0x00007ffebb410000 - 0x00007ffebb446000 	C:\WINDOWS\SYSTEM32\WINMM.dll
0x00007ffecbcb0000 - 0x00007ffecbcbb000 	C:\WINDOWS\SYSTEM32\VERSION.dll
0x00007ffed6560000 - 0x00007ffed6574000 	C:\WINDOWS\SYSTEM32\UMPDC.dll
0x00007ffed5500000 - 0x00007ffed551a000 	C:\WINDOWS\SYSTEM32\kernel.appcore.dll
0x00007ffea6800000 - 0x00007ffea680a000 	c:\Users\niti2\.vscode\extensions\redhat.java-1.38.0-win32-x64\jre\17.0.13-win32-x86_64\bin\jimage.dll
0x00007ffed0800000 - 0x00007ffed0a41000 	C:\WINDOWS\SYSTEM32\DBGHELP.DLL
0x00007ffed8530000 - 0x00007ffed88ae000 	C:\WINDOWS\System32\combase.dll
0x00007ffed88c0000 - 0x00007ffed8996000 	C:\WINDOWS\System32\OLEAUT32.dll
0x00007ffebbc70000 - 0x00007ffebbca9000 	C:\WINDOWS\SYSTEM32\dbgcore.DLL
0x00007ffed70e0000 - 0x00007ffed7179000 	C:\WINDOWS\System32\bcryptPrimitives.dll
0x00007ffea54c0000 - 0x00007ffea54ce000 	c:\Users\niti2\.vscode\extensions\redhat.java-1.38.0-win32-x64\jre\17.0.13-win32-x86_64\bin\instrument.dll
0x00007ffe8a710000 - 0x00007ffe8a735000 	c:\Users\niti2\.vscode\extensions\redhat.java-1.38.0-win32-x64\jre\17.0.13-win32-x86_64\bin\java.dll
0x00007ffe910b0000 - 0x00007ffe910c8000 	c:\Users\niti2\.vscode\extensions\redhat.java-1.38.0-win32-x64\jre\17.0.13-win32-x86_64\bin\zip.dll
0x00007ffed8bd0000 - 0x00007ffed92d0000 	C:\WINDOWS\System32\SHELL32.dll
0x00007ffed0b50000 - 0x00007ffed1381000 	C:\WINDOWS\SYSTEM32\windows.storage.dll
0x00007ffed79a0000 - 0x00007ffed7a7a000 	C:\WINDOWS\System32\SHCORE.dll
0x00007ffed89a0000 - 0x00007ffed89fd000 	C:\WINDOWS\System32\shlwapi.dll
0x00007ffed6600000 - 0x00007ffed662e000 	C:\WINDOWS\SYSTEM32\profapi.dll
0x00007ffe8ea90000 - 0x00007ffe8eaa9000 	C:\Users\niti2\.vscode\extensions\redhat.java-1.38.0-win32-x64\jre\17.0.13-win32-x86_64\bin\net.dll
0x00007ffecba20000 - 0x00007ffecbb46000 	C:\WINDOWS\SYSTEM32\WINHTTP.dll
0x00007ffed5a30000 - 0x00007ffed5a98000 	C:\WINDOWS\system32\mswsock.dll
0x00007ffe8a6f0000 - 0x00007ffe8a706000 	C:\Users\niti2\.vscode\extensions\redhat.java-1.38.0-win32-x64\jre\17.0.13-win32-x86_64\bin\nio.dll
0x00007ffea4920000 - 0x00007ffea4930000 	c:\Users\niti2\.vscode\extensions\redhat.java-1.38.0-win32-x64\jre\17.0.13-win32-x86_64\bin\verify.dll
0x00007ffe91250000 - 0x00007ffe91295000 	C:\Users\niti2\AppData\Roaming\Code\User\globalStorage\redhat.java\1.38.0\config_win\org.eclipse.equinox.launcher\org.eclipse.equinox.launcher.win32.win32.x86_64_1.2.1100.v20240722-2106\eclipse_11904.dll
0x00007ffed8050000 - 0x00007ffed81e9000 	C:\WINDOWS\System32\ole32.dll
0x00007ffed5cd0000 - 0x00007ffed5cec000 	C:\WINDOWS\SYSTEM32\CRYPTSP.dll
0x00007ffed5460000 - 0x00007ffed5498000 	C:\WINDOWS\system32\rsaenh.dll
0x00007ffed5ad0000 - 0x00007ffed5afb000 	C:\WINDOWS\SYSTEM32\USERENV.dll
0x00007ffed5ea0000 - 0x00007ffed5ec6000 	C:\WINDOWS\SYSTEM32\bcrypt.dll
0x00007ffed5cf0000 - 0x00007ffed5cfc000 	C:\WINDOWS\SYSTEM32\CRYPTBASE.dll
0x00007ffed4f00000 - 0x00007ffed4f32000 	C:\WINDOWS\SYSTEM32\IPHLPAPI.DLL
0x00007ffed8040000 - 0x00007ffed804a000 	C:\WINDOWS\System32\NSI.dll
0x00007ffecb9f0000 - 0x00007ffecba0e000 	C:\WINDOWS\SYSTEM32\dhcpcsvc6.DLL
0x00007ffecb9c0000 - 0x00007ffecb9e5000 	C:\WINDOWS\SYSTEM32\dhcpcsvc.DLL
0x00007ffed4f40000 - 0x00007ffed5065000 	C:\WINDOWS\SYSTEM32\DNSAPI.dll
0x00007ffe836e0000 - 0x00007ffe83729000 	C:\Users\niti2\AppData\Local\Temp\jna-104830146\jna14827678696076270508.dll
0x00007ffed8330000 - 0x00007ffed8338000 	C:\WINDOWS\System32\PSAPI.DLL

dbghelp: loaded successfully - version: 4.0.5 - missing functions: none
symbol engine: initialized successfully - sym options: 0x614 - pdb path: .;c:\Users\niti2\.vscode\extensions\redhat.java-1.38.0-win32-x64\jre\17.0.13-win32-x86_64\bin;C:\WINDOWS\SYSTEM32;C:\WINDOWS\WinSxS\amd64_microsoft.windows.common-controls_6595b64144ccf1df_6.0.26100.2454_none_3e0b68a2e331ad60;c:\Users\niti2\.vscode\extensions\redhat.java-1.38.0-win32-x64\jre\17.0.13-win32-x86_64\bin\server;C:\Users\niti2\AppData\Roaming\Code\User\globalStorage\redhat.java\1.38.0\config_win\org.eclipse.equinox.launcher\org.eclipse.equinox.launcher.win32.win32.x86_64_1.2.1100.v20240722-2106;C:\Users\niti2\AppData\Local\Temp\jna-104830146

VM Arguments:
jvm_args: --add-modules=ALL-SYSTEM --add-opens=java.base/java.util=ALL-UNNAMED --add-opens=java.base/java.lang=ALL-UNNAMED --add-opens=java.base/sun.nio.fs=ALL-UNNAMED -Declipse.application=org.eclipse.jdt.ls.core.id1 -Dosgi.bundles.defaultStartLevel=4 -Declipse.product=org.eclipse.jdt.ls.core.product -Djava.import.generatesMetadataFilesAtProjectRoot=false -DDetectVMInstallationsJob.disabled=true -Dfile.encoding=utf8 -XX:+UseParallelGC -XX:GCTimeRatio=4 -XX:AdaptiveSizePolicyWeight=90 -Dsun.zip.disableMemoryMapping=true -Xmx1G -Xms100m -Xlog:disable -javaagent:c:\Users\niti2\.vscode\extensions\redhat.java-1.38.0-win32-x64\lombok\lombok-1.18.34.jar -XX:+HeapDumpOnOutOfMemoryError -XX:HeapDumpPath=c:\Users\niti2\AppData\Roaming\Code\User\workspaceStorage\aceeccec6f433f008a5d9abe36ab6a96\redhat.java -Daether.dependencyCollector.impl=bf 
java_command: c:\Users\niti2\.vscode\extensions\redhat.java-1.38.0-win32-x64\server\plugins\org.eclipse.equinox.launcher_1.6.900.v20240613-2009.jar -configuration c:\Users\niti2\AppData\Roaming\Code\User\globalStorage\redhat.java\1.38.0\config_win -data c:\Users\niti2\AppData\Roaming\Code\User\workspaceStorage\aceeccec6f433f008a5d9abe36ab6a96\redhat.java\jdt_ws --pipe=\\.\pipe\lsp-7136f3ea1be8ee8f1b940f7710f01c4a-sock
java_class_path (initial): c:\Users\niti2\.vscode\extensions\redhat.java-1.38.0-win32-x64\server\plugins\org.eclipse.equinox.launcher_1.6.900.v20240613-2009.jar
Launcher Type: SUN_STANDARD

[Global flags]
    uintx AdaptiveSizePolicyWeight                 = 90                                        {product} {command line}
     intx CICompilerCount                          = 3                                         {product} {ergonomic}
    uintx GCTimeRatio                              = 4                                         {product} {command line}
     bool HeapDumpOnOutOfMemoryError               = true                                   {manageable} {command line}
    ccstr HeapDumpPath                             = c:\Users\niti2\AppData\Roaming\Code\User\workspaceStorage\aceeccec6f433f008a5d9abe36ab6a96\redhat.java         {manageable} {command line}
   size_t InitialHeapSize                          = 104857600                                 {product} {command line}
   size_t MaxHeapSize                              = 1073741824                                {product} {command line}
   size_t MaxNewSize                               = 357564416                                 {product} {ergonomic}
   size_t MinHeapDeltaBytes                        = 524288                                    {product} {ergonomic}
   size_t MinHeapSize                              = 104857600                                 {product} {command line}
   size_t NewSize                                  = 34603008                                  {product} {ergonomic}
    uintx NonNMethodCodeHeapSize                   = 5832780                                {pd product} {ergonomic}
    uintx NonProfiledCodeHeapSize                  = 122912730                              {pd product} {ergonomic}
   size_t OldSize                                  = 70254592                                  {product} {ergonomic}
    uintx ProfiledCodeHeapSize                     = 122912730                              {pd product} {ergonomic}
    uintx ReservedCodeCacheSize                    = 251658240                              {pd product} {ergonomic}
     bool SegmentedCodeCache                       = true                                      {product} {ergonomic}
   size_t SoftMaxHeapSize                          = 1073741824                             {manageable} {ergonomic}
     bool UseCompressedClassPointers               = true                           {product lp64_product} {ergonomic}
     bool UseCompressedOops                        = true                           {product lp64_product} {ergonomic}
     bool UseLargePagesIndividualAllocation        = false                                  {pd product} {ergonomic}
     bool UseParallelGC                            = true                                      {product} {command line}

Logging:
Log output configuration:
 #0: stdout all=off uptime,level,tags
 #1: stderr all=off uptime,level,tags

Environment Variables:
JAVA_HOME=C:\Program Files\Java\jdk-21
PATH=C:\Program Files\Common Files\Oracle\Java\javapath;C:\WINDOWS\system32;C:\WINDOWS;C:\WINDOWS\System32\Wbem;C:\WINDOWS\System32\WindowsPowerShell\v1.0\;C:\WINDOWS\System32\OpenSSH\;C:\Program Files\Java\jdk-21\bin;C:\Program Files\apache-maven-3.8.8\bin;C:\Program Files\nodejs\;C:\Program Files\Git\cmd;C:\Program Files\MySQL\MySQL Server 8.0\bin;;C:\Program Files\Docker\Docker\resources\bin;C:\Program Files\MySQL\MySQL Shell 8.0\bin\;C:\Users\niti2\AppData\Local\Microsoft\WindowsApps;C:\Program Files\JetBrains\IntelliJ IDEA Community Edition 2023.3.2\bin;C:\Users\niti2\AppData\Local\Programs\Microsoft VS Code\bin;C:\Users\niti2\AppData\Roaming\npm;C:\Users\niti2\AppData\Local\JetBrains\Toolbox\scripts;;C:\Program Files\JetBrains\IntelliJ IDEA Community Edition 2024.1.4\bin;;C:\Users\niti2\AppData\Local\Microsoft\WindowsApps
USERNAME=niti2
OS=Windows_NT
PROCESSOR_IDENTIFIER=Intel64 Family 6 Model 142 Stepping 12, GenuineIntel
TMP=C:\Users\niti2\AppData\Local\Temp
TEMP=C:\Users\niti2\AppData\Local\Temp



Periodic native trim disabled


---------------  S Y S T E M  ---------------

OS:
 Windows 11 , 64 bit Build 26100 (10.0.26100.2454)
OS uptime: 7 days 22:39 hours
Hyper-V role detected

CPU: total 4 (initial active 4) (2 cores per cpu, 2 threads per core) family 6 model 142 stepping 12 microcode 0xde, cx8, cmov, fxsr, ht, mmx, 3dnowpref, sse, sse2, sse3, ssse3, sse4.1, sse4.2, popcnt, lzcnt, tsc, tscinvbit, avx, avx2, aes, erms, clmul, bmi1, bmi2, adx, fma, vzeroupper, clflush, clflushopt, hv
Processor Information for all 4 processors :
  Max Mhz: 2304, Current Mhz: 2103, Mhz Limit: 2096

Memory: 4k page, system-wide physical 3917M (148M free)
TotalPageFile size 15693M (AvailPageFile size 22M)
current process WorkingSet (physical memory assigned to process): 242M, peak: 247M
current process commit charge ("private bytes"): 309M, peak: 901M

vm_info: OpenJDK 64-Bit Server VM (17.0.13+11) for windows-amd64 JRE (17.0.13+11), built on Oct 16 2024 00:10:08 by "admin" with MS VC++ 17.7 (VS2022)

END.
